23:50:00 [restartedMain] INFO  BlogApplication - Starting BlogApplication on zhonghua with PID 107340 (C:\Users\dong0\Documents\java_practice\AAA\myblog\target\classes started by dongzhonghua in C:\Users\dong0\Documents\java_practice\AAA)
23:50:00 [restartedMain] INFO  BlogApplication - No active profile set, falling back to default profiles: default
23:50:00 [restartedMain] INFO  DevToolsPropertyDefaultsPostProcessor - Devtools property defaults active! Set 'spring.devtools.add-properties' to 'false' to disable
23:50:00 [restartedMain] INFO  DevToolsPropertyDefaultsPostProcessor - For additional web related logging consider setting the 'logging.level.web' property to 'DEBUG'
23:50:02 [restartedMain] INFO  RepositoryConfigurationDelegate - Multiple Spring Data modules found, entering strict repository configuration mode!
23:50:02 [restartedMain] INFO  RepositoryConfigurationDelegate - Bootstrapping Spring Data repositories in DEFAULT mode.
23:50:03 [restartedMain] INFO  RepositoryConfigurationDelegate - Finished Spring Data repository scanning in 90ms. Found 0 repository interfaces.
23:50:03 [restartedMain] INFO  PostProcessorRegistrationDelegate$BeanPostProcessorChecker - Bean 'org.springframework.security.config.annotation.configuration.ObjectPostProcessorConfiguration' of type [org.springframework.security.config.annotation.configuration.ObjectPostProcessorConfiguration$$EnhancerBySpringCGLIB$$9d844616] is not eligible for getting processed by all BeanPostProcessors (for example: not eligible for auto-proxying)
23:50:03 [restartedMain] INFO  PostProcessorRegistrationDelegate$BeanPostProcessorChecker - Bean 'org.springframework.transaction.annotation.ProxyTransactionManagementConfiguration' of type [org.springframework.transaction.annotation.ProxyTransactionManagementConfiguration$$EnhancerBySpringCGLIB$$4d67ddc] is not eligible for getting processed by all BeanPostProcessors (for example: not eligible for auto-proxying)
23:50:03 [restartedMain] INFO  PostProcessorRegistrationDelegate$BeanPostProcessorChecker - Bean 'objectPostProcessor' of type [org.springframework.security.config.annotation.configuration.AutowireBeanFactoryObjectPostProcessor] is not eligible for getting processed by all BeanPostProcessors (for example: not eligible for auto-proxying)
23:50:03 [restartedMain] INFO  PostProcessorRegistrationDelegate$BeanPostProcessorChecker - Bean 'org.springframework.security.access.expression.method.DefaultMethodSecurityExpressionHandler@48a57c1d' of type [org.springframework.security.access.expression.method.DefaultMethodSecurityExpressionHandler] is not eligible for getting processed by all BeanPostProcessors (for example: not eligible for auto-proxying)
23:50:03 [restartedMain] INFO  PostProcessorRegistrationDelegate$BeanPostProcessorChecker - Bean 'org.springframework.security.config.annotation.method.configuration.GlobalMethodSecurityConfiguration' of type [org.springframework.security.config.annotation.method.configuration.GlobalMethodSecurityConfiguration$$EnhancerBySpringCGLIB$$c258e8c8] is not eligible for getting processed by all BeanPostProcessors (for example: not eligible for auto-proxying)
23:50:03 [restartedMain] INFO  PostProcessorRegistrationDelegate$BeanPostProcessorChecker - Bean 'methodSecurityMetadataSource' of type [org.springframework.security.access.method.DelegatingMethodSecurityMetadataSource] is not eligible for getting processed by all BeanPostProcessors (for example: not eligible for auto-proxying)
23:50:04 [restartedMain] INFO  TomcatWebServer - Tomcat initialized with port(s): 8080 (http)
23:50:04 [restartedMain] INFO  Http11NioProtocol - Initializing ProtocolHandler ["http-nio-8080"]
23:50:04 [restartedMain] INFO  StandardService - Starting service [Tomcat]
23:50:04 [restartedMain] INFO  StandardEngine - Starting Servlet engine: [Apache Tomcat/9.0.24]
23:50:04 [restartedMain] INFO  [/] - Initializing Spring embedded WebApplicationContext
23:50:04 [restartedMain] INFO  ContextLoader - Root WebApplicationContext: initialization completed in 3917 ms
23:50:04 [restartedMain] INFO  DruidDataSourceAutoConfigure - Init DruidDataSource
23:50:04 [restartedMain] INFO  DruidDataSource - {dataSource-1} inited
23:50:06 [restartedMain] INFO  EndpointLinksResolver - Exposing 2 endpoint(s) beneath base path '/actuator'
23:50:06 [restartedMain] INFO  PropertySourcedRequestMappingHandlerMapping - Mapped URL path [/v2/api-docs] onto method [public org.springframework.http.ResponseEntity<springfox.documentation.spring.web.json.Json> springfox.documentation.swagger2.web.Swagger2Controller.getDocumentation(java.lang.String,javax.servlet.http.HttpServletRequest)]
23:50:06 [restartedMain] INFO  ThreadPoolTaskExecutor - Initializing ExecutorService 'applicationTaskExecutor'
23:50:06 [restartedMain] INFO  OptionalLiveReloadServer - LiveReload server is running on port 35729
23:50:06 [restartedMain] INFO  WelcomePageHandlerMapping - Adding welcome page template: index
23:50:07 [restartedMain] WARN  TemplateMode - [THYMELEAF][restartedMain] Template Mode 'HTML5' is deprecated. Using Template Mode 'HTML' instead.
23:50:07 [restartedMain] INFO  DefaultSecurityFilterChain - Creating filter chain: any request, [org.springframework.security.web.context.request.async.WebAsyncManagerIntegrationFilter@a7b4def, org.springframework.security.web.context.SecurityContextPersistenceFilter@219ade1d, org.springframework.security.web.header.HeaderWriterFilter@7767435, org.springframework.security.web.authentication.logout.LogoutFilter@7c5dccef, org.springframework.security.web.authentication.UsernamePasswordAuthenticationFilter@560ad6fe, org.springframework.security.web.savedrequest.RequestCacheAwareFilter@2622b54e, org.springframework.security.web.servletapi.SecurityContextHolderAwareRequestFilter@396fdeb4, org.springframework.security.web.authentication.AnonymousAuthenticationFilter@80724ed, org.springframework.security.web.session.SessionManagementFilter@aa2c893, org.springframework.security.web.access.ExceptionTranslationFilter@4bb2faf6, org.springframework.security.web.access.intercept.FilterSecurityInterceptor@561f6dec]
23:50:08 [restartedMain] INFO  DocumentationPluginsBootstrapper - Context refreshed
23:50:08 [restartedMain] INFO  DocumentationPluginsBootstrapper - Found 1 custom documentation plugin(s)
23:50:08 [restartedMain] INFO  ApiListingReferenceScanner - Scanning for api listing references
23:50:08 [restartedMain] INFO  Http11NioProtocol - Starting ProtocolHandler ["http-nio-8080"]
23:50:08 [restartedMain] INFO  TomcatWebServer - Tomcat started on port(s): 8080 (http) with context path ''
23:50:08 [restartedMain] INFO  BlogApplication - Started BlogApplication in 9.187 seconds (JVM running for 11.188)
23:50:09 [RMI TCP Connection(2)-10.203.16.19] INFO  [/] - Initializing Spring DispatcherServlet 'dispatcherServlet'
23:50:09 [RMI TCP Connection(2)-10.203.16.19] INFO  DispatcherServlet - Initializing Servlet 'dispatcherServlet'
23:50:09 [RMI TCP Connection(2)-10.203.16.19] INFO  DispatcherServlet - Completed initialization in 15 ms
23:50:10 [parallel-1] INFO  EpollProvider - Starting without optional epoll library
23:50:10 [parallel-1] INFO  KqueueProvider - Starting without optional kqueue library
23:50:25 [Thread-9] INFO  ThreadPoolTaskExecutor - Shutting down ExecutorService 'applicationTaskExecutor'
23:50:26 [Thread-9] INFO  DruidDataSource - {dataSource-1} closed
23:50:33 [restartedMain] INFO  BlogApplication - Starting BlogApplication on zhonghua with PID 109068 (C:\Users\dong0\Documents\java_practice\AAA\myblog\target\classes started by dongzhonghua in C:\Users\dong0\Documents\java_practice\AAA)
23:50:33 [restartedMain] INFO  BlogApplication - No active profile set, falling back to default profiles: default
23:50:33 [restartedMain] INFO  DevToolsPropertyDefaultsPostProcessor - Devtools property defaults active! Set 'spring.devtools.add-properties' to 'false' to disable
23:50:33 [restartedMain] INFO  DevToolsPropertyDefaultsPostProcessor - For additional web related logging consider setting the 'logging.level.web' property to 'DEBUG'
23:50:36 [restartedMain] INFO  RepositoryConfigurationDelegate - Multiple Spring Data modules found, entering strict repository configuration mode!
23:50:36 [restartedMain] INFO  RepositoryConfigurationDelegate - Bootstrapping Spring Data repositories in DEFAULT mode.
23:50:36 [restartedMain] INFO  RepositoryConfigurationDelegate - Finished Spring Data repository scanning in 88ms. Found 0 repository interfaces.
23:50:36 [restartedMain] INFO  PostProcessorRegistrationDelegate$BeanPostProcessorChecker - Bean 'org.springframework.security.config.annotation.configuration.ObjectPostProcessorConfiguration' of type [org.springframework.security.config.annotation.configuration.ObjectPostProcessorConfiguration$$EnhancerBySpringCGLIB$$b6b20356] is not eligible for getting processed by all BeanPostProcessors (for example: not eligible for auto-proxying)
23:50:36 [restartedMain] INFO  PostProcessorRegistrationDelegate$BeanPostProcessorChecker - Bean 'org.springframework.transaction.annotation.ProxyTransactionManagementConfiguration' of type [org.springframework.transaction.annotation.ProxyTransactionManagementConfiguration$$EnhancerBySpringCGLIB$$1e043b1c] is not eligible for getting processed by all BeanPostProcessors (for example: not eligible for auto-proxying)
23:50:36 [restartedMain] INFO  PostProcessorRegistrationDelegate$BeanPostProcessorChecker - Bean 'objectPostProcessor' of type [org.springframework.security.config.annotation.configuration.AutowireBeanFactoryObjectPostProcessor] is not eligible for getting processed by all BeanPostProcessors (for example: not eligible for auto-proxying)
23:50:36 [restartedMain] INFO  PostProcessorRegistrationDelegate$BeanPostProcessorChecker - Bean 'org.springframework.security.access.expression.method.DefaultMethodSecurityExpressionHandler@22ea55b6' of type [org.springframework.security.access.expression.method.DefaultMethodSecurityExpressionHandler] is not eligible for getting processed by all BeanPostProcessors (for example: not eligible for auto-proxying)
23:50:36 [restartedMain] INFO  PostProcessorRegistrationDelegate$BeanPostProcessorChecker - Bean 'org.springframework.security.config.annotation.method.configuration.GlobalMethodSecurityConfiguration' of type [org.springframework.security.config.annotation.method.configuration.GlobalMethodSecurityConfiguration$$EnhancerBySpringCGLIB$$db86a608] is not eligible for getting processed by all BeanPostProcessors (for example: not eligible for auto-proxying)
23:50:36 [restartedMain] INFO  PostProcessorRegistrationDelegate$BeanPostProcessorChecker - Bean 'methodSecurityMetadataSource' of type [org.springframework.security.access.method.DelegatingMethodSecurityMetadataSource] is not eligible for getting processed by all BeanPostProcessors (for example: not eligible for auto-proxying)
23:50:37 [restartedMain] INFO  TomcatWebServer - Tomcat initialized with port(s): 8080 (http)
23:50:37 [restartedMain] INFO  Http11NioProtocol - Initializing ProtocolHandler ["http-nio-8080"]
23:50:37 [restartedMain] INFO  StandardService - Starting service [Tomcat]
23:50:37 [restartedMain] INFO  StandardEngine - Starting Servlet engine: [Apache Tomcat/9.0.24]
23:50:37 [restartedMain] INFO  [/] - Initializing Spring embedded WebApplicationContext
23:50:37 [restartedMain] INFO  ContextLoader - Root WebApplicationContext: initialization completed in 3771 ms
23:50:37 [restartedMain] INFO  DruidDataSourceAutoConfigure - Init DruidDataSource
23:50:38 [restartedMain] INFO  DruidDataSource - {dataSource-1} inited
23:50:39 [restartedMain] INFO  EndpointLinksResolver - Exposing 2 endpoint(s) beneath base path '/actuator'
23:50:39 [restartedMain] INFO  PropertySourcedRequestMappingHandlerMapping - Mapped URL path [/v2/api-docs] onto method [public org.springframework.http.ResponseEntity<springfox.documentation.spring.web.json.Json> springfox.documentation.swagger2.web.Swagger2Controller.getDocumentation(java.lang.String,javax.servlet.http.HttpServletRequest)]
23:50:40 [restartedMain] INFO  ThreadPoolTaskExecutor - Initializing ExecutorService 'applicationTaskExecutor'
23:50:40 [restartedMain] INFO  OptionalLiveReloadServer - LiveReload server is running on port 35729
23:50:40 [restartedMain] INFO  WelcomePageHandlerMapping - Adding welcome page template: index
23:50:40 [restartedMain] WARN  TemplateMode - [THYMELEAF][restartedMain] Template Mode 'HTML5' is deprecated. Using Template Mode 'HTML' instead.
23:50:40 [restartedMain] INFO  DefaultSecurityFilterChain - Creating filter chain: any request, [org.springframework.security.web.context.request.async.WebAsyncManagerIntegrationFilter@6021cec7, org.springframework.security.web.context.SecurityContextPersistenceFilter@23aa2484, org.springframework.security.web.header.HeaderWriterFilter@23aaab0, org.springframework.security.web.authentication.logout.LogoutFilter@430ad54b, org.springframework.security.web.authentication.UsernamePasswordAuthenticationFilter@6b3a579f, org.springframework.security.web.savedrequest.RequestCacheAwareFilter@3ecd069, org.springframework.security.web.servletapi.SecurityContextHolderAwareRequestFilter@18830df8, org.springframework.security.web.authentication.AnonymousAuthenticationFilter@15c5e2b5, org.springframework.security.web.session.SessionManagementFilter@1a537bce, org.springframework.security.web.access.ExceptionTranslationFilter@33d2668e, org.springframework.security.web.access.intercept.FilterSecurityInterceptor@35af9655]
23:50:41 [restartedMain] INFO  DocumentationPluginsBootstrapper - Context refreshed
23:50:41 [restartedMain] INFO  DocumentationPluginsBootstrapper - Found 1 custom documentation plugin(s)
23:50:41 [restartedMain] INFO  ApiListingReferenceScanner - Scanning for api listing references
23:50:41 [restartedMain] INFO  Http11NioProtocol - Starting ProtocolHandler ["http-nio-8080"]
23:50:41 [restartedMain] INFO  TomcatWebServer - Tomcat started on port(s): 8080 (http) with context path ''
23:50:41 [restartedMain] INFO  BlogApplication - Started BlogApplication in 9.016 seconds (JVM running for 11.32)
23:50:42 [RMI TCP Connection(1)-10.203.16.19] INFO  [/] - Initializing Spring DispatcherServlet 'dispatcherServlet'
23:50:42 [RMI TCP Connection(1)-10.203.16.19] INFO  DispatcherServlet - Initializing Servlet 'dispatcherServlet'
23:50:42 [RMI TCP Connection(1)-10.203.16.19] INFO  DispatcherServlet - Completed initialization in 19 ms
23:50:47 [parallel-1] INFO  EpollProvider - Starting without optional epoll library
23:50:47 [parallel-1] INFO  KqueueProvider - Starting without optional kqueue library
23:51:47 [http-nio-8080-exec-2] WARN  SessionIdGeneratorBase - Creation of SecureRandom instance for session ID generation using [SHA1PRNG] took [400] milliseconds.
23:53:01 [Thread-9] INFO  ThreadPoolTaskExecutor - Shutting down ExecutorService 'applicationTaskExecutor'
23:53:03 [Thread-9] INFO  DruidDataSource - {dataSource-1} closed
23:53:08 [restartedMain] INFO  BlogApplication - Starting BlogApplication on zhonghua with PID 112884 (C:\Users\dong0\Documents\java_practice\AAA\myblog\target\classes started by dongzhonghua in C:\Users\dong0\Documents\java_practice\AAA)
23:53:08 [restartedMain] INFO  BlogApplication - No active profile set, falling back to default profiles: default
23:53:08 [restartedMain] INFO  DevToolsPropertyDefaultsPostProcessor - Devtools property defaults active! Set 'spring.devtools.add-properties' to 'false' to disable
23:53:08 [restartedMain] INFO  DevToolsPropertyDefaultsPostProcessor - For additional web related logging consider setting the 'logging.level.web' property to 'DEBUG'
23:53:10 [restartedMain] INFO  RepositoryConfigurationDelegate - Multiple Spring Data modules found, entering strict repository configuration mode!
23:53:10 [restartedMain] INFO  RepositoryConfigurationDelegate - Bootstrapping Spring Data repositories in DEFAULT mode.
23:53:10 [restartedMain] INFO  RepositoryConfigurationDelegate - Finished Spring Data repository scanning in 85ms. Found 0 repository interfaces.
23:53:11 [restartedMain] INFO  PostProcessorRegistrationDelegate$BeanPostProcessorChecker - Bean 'org.springframework.security.config.annotation.configuration.ObjectPostProcessorConfiguration' of type [org.springframework.security.config.annotation.configuration.ObjectPostProcessorConfiguration$$EnhancerBySpringCGLIB$$9900a7c8] is not eligible for getting processed by all BeanPostProcessors (for example: not eligible for auto-proxying)
23:53:11 [restartedMain] INFO  PostProcessorRegistrationDelegate$BeanPostProcessorChecker - Bean 'org.springframework.transaction.annotation.ProxyTransactionManagementConfiguration' of type [org.springframework.transaction.annotation.ProxyTransactionManagementConfiguration$$EnhancerBySpringCGLIB$$52df8e] is not eligible for getting processed by all BeanPostProcessors (for example: not eligible for auto-proxying)
23:53:11 [restartedMain] INFO  PostProcessorRegistrationDelegate$BeanPostProcessorChecker - Bean 'objectPostProcessor' of type [org.springframework.security.config.annotation.configuration.AutowireBeanFactoryObjectPostProcessor] is not eligible for getting processed by all BeanPostProcessors (for example: not eligible for auto-proxying)
23:53:11 [restartedMain] INFO  PostProcessorRegistrationDelegate$BeanPostProcessorChecker - Bean 'org.springframework.security.access.expression.method.DefaultMethodSecurityExpressionHandler@6a70f5' of type [org.springframework.security.access.expression.method.DefaultMethodSecurityExpressionHandler] is not eligible for getting processed by all BeanPostProcessors (for example: not eligible for auto-proxying)
23:53:11 [restartedMain] INFO  PostProcessorRegistrationDelegate$BeanPostProcessorChecker - Bean 'org.springframework.security.config.annotation.method.configuration.GlobalMethodSecurityConfiguration' of type [org.springframework.security.config.annotation.method.configuration.GlobalMethodSecurityConfiguration$$EnhancerBySpringCGLIB$$bdd54a7a] is not eligible for getting processed by all BeanPostProcessors (for example: not eligible for auto-proxying)
23:53:11 [restartedMain] INFO  PostProcessorRegistrationDelegate$BeanPostProcessorChecker - Bean 'methodSecurityMetadataSource' of type [org.springframework.security.access.method.DelegatingMethodSecurityMetadataSource] is not eligible for getting processed by all BeanPostProcessors (for example: not eligible for auto-proxying)
23:53:11 [restartedMain] INFO  TomcatWebServer - Tomcat initialized with port(s): 8080 (http)
23:53:11 [restartedMain] INFO  Http11NioProtocol - Initializing ProtocolHandler ["http-nio-8080"]
23:53:11 [restartedMain] INFO  StandardService - Starting service [Tomcat]
23:53:11 [restartedMain] INFO  StandardEngine - Starting Servlet engine: [Apache Tomcat/9.0.24]
23:53:12 [restartedMain] INFO  [/] - Initializing Spring embedded WebApplicationContext
23:53:12 [restartedMain] INFO  ContextLoader - Root WebApplicationContext: initialization completed in 3622 ms
23:53:12 [restartedMain] INFO  DruidDataSourceAutoConfigure - Init DruidDataSource
23:53:12 [restartedMain] INFO  DruidDataSource - {dataSource-1} inited
23:53:14 [restartedMain] INFO  EndpointLinksResolver - Exposing 2 endpoint(s) beneath base path '/actuator'
23:53:14 [restartedMain] INFO  PropertySourcedRequestMappingHandlerMapping - Mapped URL path [/v2/api-docs] onto method [public org.springframework.http.ResponseEntity<springfox.documentation.spring.web.json.Json> springfox.documentation.swagger2.web.Swagger2Controller.getDocumentation(java.lang.String,javax.servlet.http.HttpServletRequest)]
23:53:14 [restartedMain] INFO  ThreadPoolTaskExecutor - Initializing ExecutorService 'applicationTaskExecutor'
23:53:14 [restartedMain] INFO  OptionalLiveReloadServer - LiveReload server is running on port 35729
23:53:14 [restartedMain] INFO  WelcomePageHandlerMapping - Adding welcome page template: index
23:53:14 [restartedMain] WARN  TemplateMode - [THYMELEAF][restartedMain] Template Mode 'HTML5' is deprecated. Using Template Mode 'HTML' instead.
23:53:15 [restartedMain] INFO  DefaultSecurityFilterChain - Creating filter chain: any request, [org.springframework.security.web.context.request.async.WebAsyncManagerIntegrationFilter@68dda2d7, org.springframework.security.web.context.SecurityContextPersistenceFilter@2d24e94d, org.springframework.security.web.header.HeaderWriterFilter@7e1ba964, org.springframework.security.web.authentication.logout.LogoutFilter@28771d30, org.springframework.security.web.authentication.UsernamePasswordAuthenticationFilter@705d8951, org.springframework.security.web.savedrequest.RequestCacheAwareFilter@116b2fb3, org.springframework.security.web.servletapi.SecurityContextHolderAwareRequestFilter@19826b9b, org.springframework.security.web.authentication.AnonymousAuthenticationFilter@d7c69e, org.springframework.security.web.session.SessionManagementFilter@5688f9e, org.springframework.security.web.access.ExceptionTranslationFilter@3b70f07a, org.springframework.security.web.access.intercept.FilterSecurityInterceptor@6154af53]
23:53:15 [restartedMain] INFO  DocumentationPluginsBootstrapper - Context refreshed
23:53:15 [restartedMain] INFO  DocumentationPluginsBootstrapper - Found 1 custom documentation plugin(s)
23:53:15 [restartedMain] INFO  ApiListingReferenceScanner - Scanning for api listing references
23:53:16 [restartedMain] INFO  Http11NioProtocol - Starting ProtocolHandler ["http-nio-8080"]
23:53:16 [restartedMain] INFO  TomcatWebServer - Tomcat started on port(s): 8080 (http) with context path ''
23:53:16 [restartedMain] INFO  BlogApplication - Started BlogApplication in 8.656 seconds (JVM running for 10.348)
23:53:16 [RMI TCP Connection(2)-10.203.16.19] INFO  [/] - Initializing Spring DispatcherServlet 'dispatcherServlet'
23:53:16 [RMI TCP Connection(2)-10.203.16.19] INFO  DispatcherServlet - Initializing Servlet 'dispatcherServlet'
23:53:16 [RMI TCP Connection(2)-10.203.16.19] INFO  DispatcherServlet - Completed initialization in 17 ms
23:53:17 [parallel-1] INFO  EpollProvider - Starting without optional epoll library
23:53:17 [parallel-1] INFO  KqueueProvider - Starting without optional kqueue library
23:54:14 [Thread-9] INFO  ThreadPoolTaskExecutor - Shutting down ExecutorService 'applicationTaskExecutor'
23:54:15 [Thread-9] INFO  DruidDataSource - {dataSource-1} closed
23:54:22 [restartedMain] INFO  BlogApplication - Starting BlogApplication on zhonghua with PID 105812 (C:\Users\dong0\Documents\java_practice\AAA\myblog\target\classes started by dongzhonghua in C:\Users\dong0\Documents\java_practice\AAA)
23:54:22 [restartedMain] INFO  BlogApplication - No active profile set, falling back to default profiles: default
23:54:22 [restartedMain] INFO  DevToolsPropertyDefaultsPostProcessor - Devtools property defaults active! Set 'spring.devtools.add-properties' to 'false' to disable
23:54:22 [restartedMain] INFO  DevToolsPropertyDefaultsPostProcessor - For additional web related logging consider setting the 'logging.level.web' property to 'DEBUG'
23:54:24 [restartedMain] INFO  RepositoryConfigurationDelegate - Multiple Spring Data modules found, entering strict repository configuration mode!
23:54:24 [restartedMain] INFO  RepositoryConfigurationDelegate - Bootstrapping Spring Data repositories in DEFAULT mode.
23:54:24 [restartedMain] INFO  RepositoryConfigurationDelegate - Finished Spring Data repository scanning in 82ms. Found 0 repository interfaces.
23:54:25 [restartedMain] INFO  PostProcessorRegistrationDelegate$BeanPostProcessorChecker - Bean 'org.springframework.security.config.annotation.configuration.ObjectPostProcessorConfiguration' of type [org.springframework.security.config.annotation.configuration.ObjectPostProcessorConfiguration$$EnhancerBySpringCGLIB$$d7cd7669] is not eligible for getting processed by all BeanPostProcessors (for example: not eligible for auto-proxying)
23:54:25 [restartedMain] INFO  PostProcessorRegistrationDelegate$BeanPostProcessorChecker - Bean 'org.springframework.transaction.annotation.ProxyTransactionManagementConfiguration' of type [org.springframework.transaction.annotation.ProxyTransactionManagementConfiguration$$EnhancerBySpringCGLIB$$3f1fae2f] is not eligible for getting processed by all BeanPostProcessors (for example: not eligible for auto-proxying)
23:54:25 [restartedMain] INFO  PostProcessorRegistrationDelegate$BeanPostProcessorChecker - Bean 'objectPostProcessor' of type [org.springframework.security.config.annotation.configuration.AutowireBeanFactoryObjectPostProcessor] is not eligible for getting processed by all BeanPostProcessors (for example: not eligible for auto-proxying)
23:54:25 [restartedMain] INFO  PostProcessorRegistrationDelegate$BeanPostProcessorChecker - Bean 'org.springframework.security.access.expression.method.DefaultMethodSecurityExpressionHandler@7ac79efd' of type [org.springframework.security.access.expression.method.DefaultMethodSecurityExpressionHandler] is not eligible for getting processed by all BeanPostProcessors (for example: not eligible for auto-proxying)
23:54:25 [restartedMain] INFO  PostProcessorRegistrationDelegate$BeanPostProcessorChecker - Bean 'org.springframework.security.config.annotation.method.configuration.GlobalMethodSecurityConfiguration' of type [org.springframework.security.config.annotation.method.configuration.GlobalMethodSecurityConfiguration$$EnhancerBySpringCGLIB$$fca2191b] is not eligible for getting processed by all BeanPostProcessors (for example: not eligible for auto-proxying)
23:54:25 [restartedMain] INFO  PostProcessorRegistrationDelegate$BeanPostProcessorChecker - Bean 'methodSecurityMetadataSource' of type [org.springframework.security.access.method.DelegatingMethodSecurityMetadataSource] is not eligible for getting processed by all BeanPostProcessors (for example: not eligible for auto-proxying)
23:54:25 [restartedMain] INFO  TomcatWebServer - Tomcat initialized with port(s): 8080 (http)
23:54:25 [restartedMain] INFO  Http11NioProtocol - Initializing ProtocolHandler ["http-nio-8080"]
23:54:25 [restartedMain] INFO  StandardService - Starting service [Tomcat]
23:54:25 [restartedMain] INFO  StandardEngine - Starting Servlet engine: [Apache Tomcat/9.0.24]
23:54:25 [restartedMain] INFO  [/] - Initializing Spring embedded WebApplicationContext
23:54:25 [restartedMain] INFO  ContextLoader - Root WebApplicationContext: initialization completed in 3702 ms
23:54:26 [restartedMain] INFO  DruidDataSourceAutoConfigure - Init DruidDataSource
23:54:26 [restartedMain] INFO  DruidDataSource - {dataSource-1} inited
23:54:28 [restartedMain] INFO  EndpointLinksResolver - Exposing 2 endpoint(s) beneath base path '/actuator'
23:54:28 [restartedMain] INFO  PropertySourcedRequestMappingHandlerMapping - Mapped URL path [/v2/api-docs] onto method [public org.springframework.http.ResponseEntity<springfox.documentation.spring.web.json.Json> springfox.documentation.swagger2.web.Swagger2Controller.getDocumentation(java.lang.String,javax.servlet.http.HttpServletRequest)]
23:54:28 [restartedMain] INFO  ThreadPoolTaskExecutor - Initializing ExecutorService 'applicationTaskExecutor'
23:54:28 [restartedMain] INFO  OptionalLiveReloadServer - LiveReload server is running on port 35729
23:54:28 [restartedMain] INFO  WelcomePageHandlerMapping - Adding welcome page template: index
23:54:28 [restartedMain] WARN  TemplateMode - [THYMELEAF][restartedMain] Template Mode 'HTML5' is deprecated. Using Template Mode 'HTML' instead.
23:54:29 [restartedMain] INFO  DefaultSecurityFilterChain - Creating filter chain: any request, [org.springframework.security.web.context.request.async.WebAsyncManagerIntegrationFilter@57bcab5, org.springframework.security.web.context.SecurityContextPersistenceFilter@e080fab, org.springframework.security.web.header.HeaderWriterFilter@506363c, org.springframework.security.web.authentication.logout.LogoutFilter@267a3cbc, org.springframework.security.web.authentication.UsernamePasswordAuthenticationFilter@3cc4f29c, org.springframework.security.web.savedrequest.RequestCacheAwareFilter@3a0b7f80, org.springframework.security.web.servletapi.SecurityContextHolderAwareRequestFilter@3de10271, org.springframework.security.web.authentication.AnonymousAuthenticationFilter@655df910, org.springframework.security.web.session.SessionManagementFilter@472487c7, org.springframework.security.web.access.ExceptionTranslationFilter@29227eef, org.springframework.security.web.access.intercept.FilterSecurityInterceptor@4c337a39]
23:54:30 [restartedMain] INFO  DocumentationPluginsBootstrapper - Context refreshed
23:54:30 [restartedMain] INFO  DocumentationPluginsBootstrapper - Found 1 custom documentation plugin(s)
23:54:30 [restartedMain] INFO  ApiListingReferenceScanner - Scanning for api listing references
23:54:30 [restartedMain] INFO  Http11NioProtocol - Starting ProtocolHandler ["http-nio-8080"]
23:54:30 [restartedMain] INFO  TomcatWebServer - Tomcat started on port(s): 8080 (http) with context path ''
23:54:30 [restartedMain] INFO  BlogApplication - Started BlogApplication in 9.184 seconds (JVM running for 10.983)
23:54:31 [RMI TCP Connection(2)-10.203.16.19] INFO  [/] - Initializing Spring DispatcherServlet 'dispatcherServlet'
23:54:31 [RMI TCP Connection(2)-10.203.16.19] INFO  DispatcherServlet - Initializing Servlet 'dispatcherServlet'
23:54:31 [RMI TCP Connection(2)-10.203.16.19] INFO  DispatcherServlet - Completed initialization in 24 ms
23:54:31 [parallel-1] INFO  EpollProvider - Starting without optional epoll library
23:54:31 [parallel-1] INFO  KqueueProvider - Starting without optional kqueue library
23:56:10 [Thread-9] INFO  ThreadPoolTaskExecutor - Shutting down ExecutorService 'applicationTaskExecutor'
23:56:11 [Thread-9] INFO  DruidDataSource - {dataSource-1} closed
23:56:17 [restartedMain] INFO  BlogApplication - Starting BlogApplication on zhonghua with PID 95900 (C:\Users\dong0\Documents\java_practice\AAA\myblog\target\classes started by dongzhonghua in C:\Users\dong0\Documents\java_practice\AAA)
23:56:17 [restartedMain] INFO  BlogApplication - No active profile set, falling back to default profiles: default
23:56:17 [restartedMain] INFO  DevToolsPropertyDefaultsPostProcessor - Devtools property defaults active! Set 'spring.devtools.add-properties' to 'false' to disable
23:56:17 [restartedMain] INFO  DevToolsPropertyDefaultsPostProcessor - For additional web related logging consider setting the 'logging.level.web' property to 'DEBUG'
23:56:20 [restartedMain] INFO  RepositoryConfigurationDelegate - Multiple Spring Data modules found, entering strict repository configuration mode!
23:56:20 [restartedMain] INFO  RepositoryConfigurationDelegate - Bootstrapping Spring Data repositories in DEFAULT mode.
23:56:20 [restartedMain] INFO  RepositoryConfigurationDelegate - Finished Spring Data repository scanning in 109ms. Found 0 repository interfaces.
23:56:20 [restartedMain] INFO  PostProcessorRegistrationDelegate$BeanPostProcessorChecker - Bean 'org.springframework.security.config.annotation.configuration.ObjectPostProcessorConfiguration' of type [org.springframework.security.config.annotation.configuration.ObjectPostProcessorConfiguration$$EnhancerBySpringCGLIB$$6c8c8ce6] is not eligible for getting processed by all BeanPostProcessors (for example: not eligible for auto-proxying)
23:56:20 [restartedMain] INFO  PostProcessorRegistrationDelegate$BeanPostProcessorChecker - Bean 'org.springframework.transaction.annotation.ProxyTransactionManagementConfiguration' of type [org.springframework.transaction.annotation.ProxyTransactionManagementConfiguration$$EnhancerBySpringCGLIB$$d3dec4ac] is not eligible for getting processed by all BeanPostProcessors (for example: not eligible for auto-proxying)
23:56:21 [restartedMain] INFO  PostProcessorRegistrationDelegate$BeanPostProcessorChecker - Bean 'objectPostProcessor' of type [org.springframework.security.config.annotation.configuration.AutowireBeanFactoryObjectPostProcessor] is not eligible for getting processed by all BeanPostProcessors (for example: not eligible for auto-proxying)
23:56:21 [restartedMain] INFO  PostProcessorRegistrationDelegate$BeanPostProcessorChecker - Bean 'org.springframework.security.access.expression.method.DefaultMethodSecurityExpressionHandler@517e2cd8' of type [org.springframework.security.access.expression.method.DefaultMethodSecurityExpressionHandler] is not eligible for getting processed by all BeanPostProcessors (for example: not eligible for auto-proxying)
23:56:21 [restartedMain] INFO  PostProcessorRegistrationDelegate$BeanPostProcessorChecker - Bean 'org.springframework.security.config.annotation.method.configuration.GlobalMethodSecurityConfiguration' of type [org.springframework.security.config.annotation.method.configuration.GlobalMethodSecurityConfiguration$$EnhancerBySpringCGLIB$$91612f98] is not eligible for getting processed by all BeanPostProcessors (for example: not eligible for auto-proxying)
23:56:21 [restartedMain] INFO  PostProcessorRegistrationDelegate$BeanPostProcessorChecker - Bean 'methodSecurityMetadataSource' of type [org.springframework.security.access.method.DelegatingMethodSecurityMetadataSource] is not eligible for getting processed by all BeanPostProcessors (for example: not eligible for auto-proxying)
23:56:21 [restartedMain] INFO  TomcatWebServer - Tomcat initialized with port(s): 8080 (http)
23:56:21 [restartedMain] INFO  Http11NioProtocol - Initializing ProtocolHandler ["http-nio-8080"]
23:56:21 [restartedMain] INFO  StandardService - Starting service [Tomcat]
23:56:21 [restartedMain] INFO  StandardEngine - Starting Servlet engine: [Apache Tomcat/9.0.24]
23:56:21 [restartedMain] INFO  [/] - Initializing Spring embedded WebApplicationContext
23:56:21 [restartedMain] INFO  ContextLoader - Root WebApplicationContext: initialization completed in 4185 ms
23:56:22 [restartedMain] INFO  DruidDataSourceAutoConfigure - Init DruidDataSource
23:56:22 [restartedMain] INFO  DruidDataSource - {dataSource-1} inited
23:56:24 [restartedMain] INFO  EndpointLinksResolver - Exposing 2 endpoint(s) beneath base path '/actuator'
23:56:24 [restartedMain] INFO  PropertySourcedRequestMappingHandlerMapping - Mapped URL path [/v2/api-docs] onto method [public org.springframework.http.ResponseEntity<springfox.documentation.spring.web.json.Json> springfox.documentation.swagger2.web.Swagger2Controller.getDocumentation(java.lang.String,javax.servlet.http.HttpServletRequest)]
23:56:24 [restartedMain] INFO  ThreadPoolTaskExecutor - Initializing ExecutorService 'applicationTaskExecutor'
23:56:24 [restartedMain] INFO  OptionalLiveReloadServer - LiveReload server is running on port 35729
23:56:24 [restartedMain] INFO  WelcomePageHandlerMapping - Adding welcome page template: index
23:56:24 [restartedMain] WARN  TemplateMode - [THYMELEAF][restartedMain] Template Mode 'HTML5' is deprecated. Using Template Mode 'HTML' instead.
23:56:25 [restartedMain] INFO  DefaultSecurityFilterChain - Creating filter chain: any request, [org.springframework.security.web.context.request.async.WebAsyncManagerIntegrationFilter@b101ab6, org.springframework.security.web.context.SecurityContextPersistenceFilter@2a61b721, org.springframework.security.web.header.HeaderWriterFilter@181e61c2, org.springframework.security.web.authentication.logout.LogoutFilter@471e1e01, org.springframework.security.web.authentication.UsernamePasswordAuthenticationFilter@5c3d39f3, org.springframework.security.web.savedrequest.RequestCacheAwareFilter@3f6200c1, org.springframework.security.web.servletapi.SecurityContextHolderAwareRequestFilter@2878567e, org.springframework.security.web.authentication.AnonymousAuthenticationFilter@23d25367, org.springframework.security.web.session.SessionManagementFilter@2bb04f71, org.springframework.security.web.access.ExceptionTranslationFilter@62ea8f0f, org.springframework.security.web.access.intercept.FilterSecurityInterceptor@653210b7]
23:56:26 [restartedMain] INFO  DocumentationPluginsBootstrapper - Context refreshed
23:56:26 [restartedMain] INFO  DocumentationPluginsBootstrapper - Found 1 custom documentation plugin(s)
23:56:26 [restartedMain] INFO  ApiListingReferenceScanner - Scanning for api listing references
23:56:26 [restartedMain] INFO  Http11NioProtocol - Starting ProtocolHandler ["http-nio-8080"]
23:56:26 [restartedMain] INFO  TomcatWebServer - Tomcat started on port(s): 8080 (http) with context path ''
23:56:26 [restartedMain] INFO  BlogApplication - Started BlogApplication in 9.795 seconds (JVM running for 11.6)
23:56:27 [RMI TCP Connection(3)-10.203.16.19] INFO  [/] - Initializing Spring DispatcherServlet 'dispatcherServlet'
23:56:27 [RMI TCP Connection(3)-10.203.16.19] INFO  DispatcherServlet - Initializing Servlet 'dispatcherServlet'
23:56:27 [RMI TCP Connection(3)-10.203.16.19] INFO  DispatcherServlet - Completed initialization in 18 ms
23:56:27 [parallel-1] INFO  EpollProvider - Starting without optional epoll library
23:56:27 [parallel-1] INFO  KqueueProvider - Starting without optional kqueue library
23:56:52 [Thread-9] INFO  ThreadPoolTaskExecutor - Shutting down ExecutorService 'applicationTaskExecutor'
23:56:53 [Thread-9] INFO  DruidDataSource - {dataSource-1} closed
23:56:58 [restartedMain] INFO  BlogApplication - Starting BlogApplication on zhonghua with PID 114652 (C:\Users\dong0\Documents\java_practice\AAA\myblog\target\classes started by dongzhonghua in C:\Users\dong0\Documents\java_practice\AAA)
23:56:58 [restartedMain] INFO  BlogApplication - No active profile set, falling back to default profiles: default
23:56:58 [restartedMain] INFO  DevToolsPropertyDefaultsPostProcessor - Devtools property defaults active! Set 'spring.devtools.add-properties' to 'false' to disable
23:56:58 [restartedMain] INFO  DevToolsPropertyDefaultsPostProcessor - For additional web related logging consider setting the 'logging.level.web' property to 'DEBUG'
23:57:00 [restartedMain] INFO  RepositoryConfigurationDelegate - Multiple Spring Data modules found, entering strict repository configuration mode!
23:57:00 [restartedMain] INFO  RepositoryConfigurationDelegate - Bootstrapping Spring Data repositories in DEFAULT mode.
23:57:01 [restartedMain] INFO  RepositoryConfigurationDelegate - Finished Spring Data repository scanning in 94ms. Found 0 repository interfaces.
23:57:01 [restartedMain] INFO  PostProcessorRegistrationDelegate$BeanPostProcessorChecker - Bean 'org.springframework.security.config.annotation.configuration.ObjectPostProcessorConfiguration' of type [org.springframework.security.config.annotation.configuration.ObjectPostProcessorConfiguration$$EnhancerBySpringCGLIB$$50ba602b] is not eligible for getting processed by all BeanPostProcessors (for example: not eligible for auto-proxying)
23:57:01 [restartedMain] INFO  PostProcessorRegistrationDelegate$BeanPostProcessorChecker - Bean 'org.springframework.transaction.annotation.ProxyTransactionManagementConfiguration' of type [org.springframework.transaction.annotation.ProxyTransactionManagementConfiguration$$EnhancerBySpringCGLIB$$b80c97f1] is not eligible for getting processed by all BeanPostProcessors (for example: not eligible for auto-proxying)
23:57:01 [restartedMain] INFO  PostProcessorRegistrationDelegate$BeanPostProcessorChecker - Bean 'objectPostProcessor' of type [org.springframework.security.config.annotation.configuration.AutowireBeanFactoryObjectPostProcessor] is not eligible for getting processed by all BeanPostProcessors (for example: not eligible for auto-proxying)
23:57:01 [restartedMain] INFO  PostProcessorRegistrationDelegate$BeanPostProcessorChecker - Bean 'org.springframework.security.access.expression.method.DefaultMethodSecurityExpressionHandler@72e195f3' of type [org.springframework.security.access.expression.method.DefaultMethodSecurityExpressionHandler] is not eligible for getting processed by all BeanPostProcessors (for example: not eligible for auto-proxying)
23:57:01 [restartedMain] INFO  PostProcessorRegistrationDelegate$BeanPostProcessorChecker - Bean 'org.springframework.security.config.annotation.method.configuration.GlobalMethodSecurityConfiguration' of type [org.springframework.security.config.annotation.method.configuration.GlobalMethodSecurityConfiguration$$EnhancerBySpringCGLIB$$758f02dd] is not eligible for getting processed by all BeanPostProcessors (for example: not eligible for auto-proxying)
23:57:01 [restartedMain] INFO  PostProcessorRegistrationDelegate$BeanPostProcessorChecker - Bean 'methodSecurityMetadataSource' of type [org.springframework.security.access.method.DelegatingMethodSecurityMetadataSource] is not eligible for getting processed by all BeanPostProcessors (for example: not eligible for auto-proxying)
23:57:01 [restartedMain] INFO  TomcatWebServer - Tomcat initialized with port(s): 8080 (http)
23:57:01 [restartedMain] INFO  Http11NioProtocol - Initializing ProtocolHandler ["http-nio-8080"]
23:57:01 [restartedMain] INFO  StandardService - Starting service [Tomcat]
23:57:01 [restartedMain] INFO  StandardEngine - Starting Servlet engine: [Apache Tomcat/9.0.24]
23:57:02 [restartedMain] INFO  [/] - Initializing Spring embedded WebApplicationContext
23:57:02 [restartedMain] INFO  ContextLoader - Root WebApplicationContext: initialization completed in 3167 ms
23:57:02 [restartedMain] INFO  DruidDataSourceAutoConfigure - Init DruidDataSource
23:57:02 [restartedMain] INFO  DruidDataSource - {dataSource-1} inited
23:57:03 [restartedMain] INFO  EndpointLinksResolver - Exposing 2 endpoint(s) beneath base path '/actuator'
23:57:03 [restartedMain] INFO  PropertySourcedRequestMappingHandlerMapping - Mapped URL path [/v2/api-docs] onto method [public org.springframework.http.ResponseEntity<springfox.documentation.spring.web.json.Json> springfox.documentation.swagger2.web.Swagger2Controller.getDocumentation(java.lang.String,javax.servlet.http.HttpServletRequest)]
23:57:04 [restartedMain] INFO  ThreadPoolTaskExecutor - Initializing ExecutorService 'applicationTaskExecutor'
23:57:04 [restartedMain] INFO  OptionalLiveReloadServer - LiveReload server is running on port 35729
23:57:04 [restartedMain] INFO  WelcomePageHandlerMapping - Adding welcome page template: index
23:57:04 [restartedMain] WARN  TemplateMode - [THYMELEAF][restartedMain] Template Mode 'HTML5' is deprecated. Using Template Mode 'HTML' instead.
23:57:04 [restartedMain] INFO  DefaultSecurityFilterChain - Creating filter chain: any request, [org.springframework.security.web.context.request.async.WebAsyncManagerIntegrationFilter@7180bd65, org.springframework.security.web.context.SecurityContextPersistenceFilter@7937badb, org.springframework.security.web.header.HeaderWriterFilter@7cbde70e, org.springframework.security.web.authentication.logout.LogoutFilter@487654d3, org.springframework.security.web.authentication.UsernamePasswordAuthenticationFilter@3139205f, org.springframework.security.web.savedrequest.RequestCacheAwareFilter@39f73be0, org.springframework.security.web.servletapi.SecurityContextHolderAwareRequestFilter@6cd896b2, org.springframework.security.web.authentication.AnonymousAuthenticationFilter@4aacbf4, org.springframework.security.web.session.SessionManagementFilter@231a00b5, org.springframework.security.web.access.ExceptionTranslationFilter@fc7a164, org.springframework.security.web.access.intercept.FilterSecurityInterceptor@d15cfe4]
23:57:05 [restartedMain] INFO  DocumentationPluginsBootstrapper - Context refreshed
23:57:05 [restartedMain] INFO  DocumentationPluginsBootstrapper - Found 1 custom documentation plugin(s)
23:57:05 [restartedMain] INFO  ApiListingReferenceScanner - Scanning for api listing references
23:57:05 [restartedMain] INFO  Http11NioProtocol - Starting ProtocolHandler ["http-nio-8080"]
23:57:05 [restartedMain] INFO  TomcatWebServer - Tomcat started on port(s): 8080 (http) with context path ''
23:57:05 [restartedMain] INFO  BlogApplication - Started BlogApplication in 7.524 seconds (JVM running for 9.142)
23:57:06 [RMI TCP Connection(2)-10.203.16.19] INFO  [/] - Initializing Spring DispatcherServlet 'dispatcherServlet'
23:57:06 [RMI TCP Connection(2)-10.203.16.19] INFO  DispatcherServlet - Initializing Servlet 'dispatcherServlet'
23:57:06 [RMI TCP Connection(2)-10.203.16.19] INFO  DispatcherServlet - Completed initialization in 14 ms
23:57:07 [parallel-1] INFO  EpollProvider - Starting without optional epoll library
23:57:07 [parallel-1] INFO  KqueueProvider - Starting without optional kqueue library
23:58:18 [http-nio-8080-exec-3] INFO  ArticleController - this user is not login
23:58:34 [http-nio-8080-exec-10] WARN  SessionIdGeneratorBase - Creation of SecureRandom instance for session ID generation using [SHA1PRNG] took [427] milliseconds.
23:59:07 [restartedMain] INFO  BlogApplication - Starting BlogApplication on zhonghua with PID 114204 (C:\Users\dong0\Documents\java_practice\AAA\myblog\target\classes started by dongzhonghua in C:\Users\dong0\Documents\java_practice\AAA)
23:59:07 [restartedMain] INFO  BlogApplication - No active profile set, falling back to default profiles: default
23:59:07 [restartedMain] INFO  DevToolsPropertyDefaultsPostProcessor - Devtools property defaults active! Set 'spring.devtools.add-properties' to 'false' to disable
23:59:07 [restartedMain] INFO  DevToolsPropertyDefaultsPostProcessor - For additional web related logging consider setting the 'logging.level.web' property to 'DEBUG'
23:59:10 [restartedMain] INFO  RepositoryConfigurationDelegate - Multiple Spring Data modules found, entering strict repository configuration mode!
23:59:10 [restartedMain] INFO  RepositoryConfigurationDelegate - Bootstrapping Spring Data repositories in DEFAULT mode.
23:59:10 [restartedMain] INFO  RepositoryConfigurationDelegate - Finished Spring Data repository scanning in 127ms. Found 0 repository interfaces.
23:59:11 [restartedMain] INFO  PostProcessorRegistrationDelegate$BeanPostProcessorChecker - Bean 'org.springframework.security.config.annotation.configuration.ObjectPostProcessorConfiguration' of type [org.springframework.security.config.annotation.configuration.ObjectPostProcessorConfiguration$$EnhancerBySpringCGLIB$$9f8abf30] is not eligible for getting processed by all BeanPostProcessors (for example: not eligible for auto-proxying)
23:59:11 [restartedMain] INFO  PostProcessorRegistrationDelegate$BeanPostProcessorChecker - Bean 'org.springframework.transaction.annotation.ProxyTransactionManagementConfiguration' of type [org.springframework.transaction.annotation.ProxyTransactionManagementConfiguration$$EnhancerBySpringCGLIB$$6dcf6f6] is not eligible for getting processed by all BeanPostProcessors (for example: not eligible for auto-proxying)
23:59:11 [restartedMain] INFO  PostProcessorRegistrationDelegate$BeanPostProcessorChecker - Bean 'objectPostProcessor' of type [org.springframework.security.config.annotation.configuration.AutowireBeanFactoryObjectPostProcessor] is not eligible for getting processed by all BeanPostProcessors (for example: not eligible for auto-proxying)
23:59:11 [restartedMain] INFO  PostProcessorRegistrationDelegate$BeanPostProcessorChecker - Bean 'org.springframework.security.access.expression.method.DefaultMethodSecurityExpressionHandler@120c5c27' of type [org.springframework.security.access.expression.method.DefaultMethodSecurityExpressionHandler] is not eligible for getting processed by all BeanPostProcessors (for example: not eligible for auto-proxying)
23:59:11 [restartedMain] INFO  PostProcessorRegistrationDelegate$BeanPostProcessorChecker - Bean 'org.springframework.security.config.annotation.method.configuration.GlobalMethodSecurityConfiguration' of type [org.springframework.security.config.annotation.method.configuration.GlobalMethodSecurityConfiguration$$EnhancerBySpringCGLIB$$c45f61e2] is not eligible for getting processed by all BeanPostProcessors (for example: not eligible for auto-proxying)
23:59:11 [restartedMain] INFO  PostProcessorRegistrationDelegate$BeanPostProcessorChecker - Bean 'methodSecurityMetadataSource' of type [org.springframework.security.access.method.DelegatingMethodSecurityMetadataSource] is not eligible for getting processed by all BeanPostProcessors (for example: not eligible for auto-proxying)
23:59:11 [restartedMain] INFO  TomcatWebServer - Tomcat initialized with port(s): 8080 (http)
23:59:11 [restartedMain] INFO  Http11NioProtocol - Initializing ProtocolHandler ["http-nio-8080"]
23:59:11 [restartedMain] INFO  StandardService - Starting service [Tomcat]
23:59:11 [restartedMain] INFO  StandardEngine - Starting Servlet engine: [Apache Tomcat/9.0.24]
23:59:11 [restartedMain] INFO  [/] - Initializing Spring embedded WebApplicationContext
23:59:11 [restartedMain] INFO  ContextLoader - Root WebApplicationContext: initialization completed in 4193 ms
23:59:12 [restartedMain] INFO  DruidDataSourceAutoConfigure - Init DruidDataSource
23:59:12 [restartedMain] INFO  DruidDataSource - {dataSource-1} inited
23:59:13 [restartedMain] INFO  EndpointLinksResolver - Exposing 2 endpoint(s) beneath base path '/actuator'
23:59:14 [restartedMain] INFO  PropertySourcedRequestMappingHandlerMapping - Mapped URL path [/v2/api-docs] onto method [public org.springframework.http.ResponseEntity<springfox.documentation.spring.web.json.Json> springfox.documentation.swagger2.web.Swagger2Controller.getDocumentation(java.lang.String,javax.servlet.http.HttpServletRequest)]
23:59:14 [restartedMain] INFO  ThreadPoolTaskExecutor - Initializing ExecutorService 'applicationTaskExecutor'
23:59:14 [restartedMain] INFO  OptionalLiveReloadServer - LiveReload server is running on port 35729
23:59:14 [restartedMain] INFO  WelcomePageHandlerMapping - Adding welcome page template: index
23:59:14 [restartedMain] WARN  TemplateMode - [THYMELEAF][restartedMain] Template Mode 'HTML5' is deprecated. Using Template Mode 'HTML' instead.
23:59:14 [restartedMain] INFO  DefaultSecurityFilterChain - Creating filter chain: any request, [org.springframework.security.web.context.request.async.WebAsyncManagerIntegrationFilter@3cffdc1e, org.springframework.security.web.context.SecurityContextPersistenceFilter@798d0d1, org.springframework.security.web.header.HeaderWriterFilter@55f53d64, org.springframework.security.web.authentication.logout.LogoutFilter@4a855c56, org.springframework.security.web.authentication.UsernamePasswordAuthenticationFilter@1577a1, org.springframework.security.web.savedrequest.RequestCacheAwareFilter@145aa623, org.springframework.security.web.servletapi.SecurityContextHolderAwareRequestFilter@ff779a8, org.springframework.security.web.authentication.AnonymousAuthenticationFilter@106a12c2, org.springframework.security.web.session.SessionManagementFilter@40c01a1c, org.springframework.security.web.access.ExceptionTranslationFilter@57688736, org.springframework.security.web.access.intercept.FilterSecurityInterceptor@77440c73]
23:59:15 [restartedMain] INFO  DocumentationPluginsBootstrapper - Context refreshed
23:59:15 [restartedMain] INFO  DocumentationPluginsBootstrapper - Found 1 custom documentation plugin(s)
23:59:15 [restartedMain] INFO  ApiListingReferenceScanner - Scanning for api listing references
23:59:16 [restartedMain] INFO  Http11NioProtocol - Starting ProtocolHandler ["http-nio-8080"]
23:59:16 [restartedMain] INFO  TomcatWebServer - Tomcat started on port(s): 8080 (http) with context path ''
23:59:16 [restartedMain] INFO  BlogApplication - Started BlogApplication in 9.615 seconds (JVM running for 11.949)
23:59:17 [RMI TCP Connection(1)-10.203.16.19] INFO  [/] - Initializing Spring DispatcherServlet 'dispatcherServlet'
23:59:17 [RMI TCP Connection(1)-10.203.16.19] INFO  DispatcherServlet - Initializing Servlet 'dispatcherServlet'
23:59:17 [RMI TCP Connection(1)-10.203.16.19] INFO  DispatcherServlet - Completed initialization in 21 ms
23:59:18 [parallel-1] INFO  EpollProvider - Starting without optional epoll library
23:59:18 [parallel-1] INFO  KqueueProvider - Starting without optional kqueue library
23:59:21 [http-nio-8080-exec-1] INFO  ArticleController - this user is not login
