16:41:51 [restartedMain] INFO  BlogApplication - Starting BlogApplication on zhonghua with PID 111548 (C:\Users\dong0\Documents\java_practice\AAA\myblog\target\classes started by dongzhonghua in C:\Users\dong0\Documents\java_practice\AAA)
16:41:51 [restartedMain] INFO  BlogApplication - No active profile set, falling back to default profiles: default
16:41:51 [restartedMain] INFO  DevToolsPropertyDefaultsPostProcessor - Devtools property defaults active! Set 'spring.devtools.add-properties' to 'false' to disable
16:41:51 [restartedMain] INFO  DevToolsPropertyDefaultsPostProcessor - For additional web related logging consider setting the 'logging.level.web' property to 'DEBUG'
16:41:55 [restartedMain] INFO  RepositoryConfigurationDelegate - Multiple Spring Data modules found, entering strict repository configuration mode!
16:41:55 [restartedMain] INFO  RepositoryConfigurationDelegate - Bootstrapping Spring Data repositories in DEFAULT mode.
16:41:55 [restartedMain] INFO  RepositoryConfigurationDelegate - Finished Spring Data repository scanning in 125ms. Found 0 repository interfaces.
16:41:56 [restartedMain] INFO  PostProcessorRegistrationDelegate$BeanPostProcessorChecker - Bean 'org.springframework.security.config.annotation.configuration.ObjectPostProcessorConfiguration' of type [org.springframework.security.config.annotation.configuration.ObjectPostProcessorConfiguration$$EnhancerBySpringCGLIB$$6a8feb55] is not eligible for getting processed by all BeanPostProcessors (for example: not eligible for auto-proxying)
16:41:56 [restartedMain] INFO  PostProcessorRegistrationDelegate$BeanPostProcessorChecker - Bean 'org.springframework.transaction.annotation.ProxyTransactionManagementConfiguration' of type [org.springframework.transaction.annotation.ProxyTransactionManagementConfiguration$$EnhancerBySpringCGLIB$$d1e2231b] is not eligible for getting processed by all BeanPostProcessors (for example: not eligible for auto-proxying)
16:41:56 [restartedMain] INFO  PostProcessorRegistrationDelegate$BeanPostProcessorChecker - Bean 'objectPostProcessor' of type [org.springframework.security.config.annotation.configuration.AutowireBeanFactoryObjectPostProcessor] is not eligible for getting processed by all BeanPostProcessors (for example: not eligible for auto-proxying)
16:41:56 [restartedMain] INFO  PostProcessorRegistrationDelegate$BeanPostProcessorChecker - Bean 'org.springframework.security.access.expression.method.DefaultMethodSecurityExpressionHandler@765489c9' of type [org.springframework.security.access.expression.method.DefaultMethodSecurityExpressionHandler] is not eligible for getting processed by all BeanPostProcessors (for example: not eligible for auto-proxying)
16:41:56 [restartedMain] INFO  PostProcessorRegistrationDelegate$BeanPostProcessorChecker - Bean 'org.springframework.security.config.annotation.method.configuration.GlobalMethodSecurityConfiguration' of type [org.springframework.security.config.annotation.method.configuration.GlobalMethodSecurityConfiguration$$EnhancerBySpringCGLIB$$8f648e07] is not eligible for getting processed by all BeanPostProcessors (for example: not eligible for auto-proxying)
16:41:56 [restartedMain] INFO  PostProcessorRegistrationDelegate$BeanPostProcessorChecker - Bean 'methodSecurityMetadataSource' of type [org.springframework.security.access.method.DelegatingMethodSecurityMetadataSource] is not eligible for getting processed by all BeanPostProcessors (for example: not eligible for auto-proxying)
16:41:57 [restartedMain] INFO  TomcatWebServer - Tomcat initialized with port(s): 8080 (http)
16:41:57 [restartedMain] INFO  Http11NioProtocol - Initializing ProtocolHandler ["http-nio-8080"]
16:41:57 [restartedMain] INFO  StandardService - Starting service [Tomcat]
16:41:57 [restartedMain] INFO  StandardEngine - Starting Servlet engine: [Apache Tomcat/9.0.24]
16:41:57 [restartedMain] INFO  [/] - Initializing Spring embedded WebApplicationContext
16:41:57 [restartedMain] INFO  ContextLoader - Root WebApplicationContext: initialization completed in 5430 ms
16:41:57 [restartedMain] INFO  DruidDataSourceAutoConfigure - Init DruidDataSource
16:41:58 [restartedMain] INFO  DruidDataSource - {dataSource-1} inited
16:42:00 [restartedMain] INFO  EndpointLinksResolver - Exposing 2 endpoint(s) beneath base path '/actuator'
16:42:00 [restartedMain] INFO  PropertySourcedRequestMappingHandlerMapping - Mapped URL path [/v2/api-docs] onto method [public org.springframework.http.ResponseEntity<springfox.documentation.spring.web.json.Json> springfox.documentation.swagger2.web.Swagger2Controller.getDocumentation(java.lang.String,javax.servlet.http.HttpServletRequest)]
16:42:00 [restartedMain] INFO  ThreadPoolTaskExecutor - Initializing ExecutorService 'applicationTaskExecutor'
16:42:00 [restartedMain] INFO  OptionalLiveReloadServer - LiveReload server is running on port 35729
16:42:00 [restartedMain] INFO  WelcomePageHandlerMapping - Adding welcome page template: index
16:42:00 [restartedMain] WARN  TemplateMode - [THYMELEAF][restartedMain] Template Mode 'HTML5' is deprecated. Using Template Mode 'HTML' instead.
16:42:01 [restartedMain] INFO  DefaultSecurityFilterChain - Creating filter chain: any request, [org.springframework.security.web.context.request.async.WebAsyncManagerIntegrationFilter@38983586, org.springframework.security.web.context.SecurityContextPersistenceFilter@58511bb2, org.springframework.security.web.header.HeaderWriterFilter@6b70791, org.springframework.security.web.authentication.logout.LogoutFilter@27a0f58d, org.springframework.security.web.authentication.UsernamePasswordAuthenticationFilter@59195ccc, org.springframework.security.web.savedrequest.RequestCacheAwareFilter@1b92c2a, org.springframework.security.web.servletapi.SecurityContextHolderAwareRequestFilter@6b07b83a, org.springframework.security.web.authentication.AnonymousAuthenticationFilter@e52e602, org.springframework.security.web.session.SessionManagementFilter@4e04fcd5, org.springframework.security.web.access.ExceptionTranslationFilter@369df59f, org.springframework.security.web.access.intercept.FilterSecurityInterceptor@3cb6656e]
16:42:02 [restartedMain] INFO  DocumentationPluginsBootstrapper - Context refreshed
16:42:02 [restartedMain] INFO  DocumentationPluginsBootstrapper - Found 1 custom documentation plugin(s)
16:42:02 [restartedMain] INFO  ApiListingReferenceScanner - Scanning for api listing references
16:42:02 [restartedMain] INFO  Http11NioProtocol - Starting ProtocolHandler ["http-nio-8080"]
16:42:02 [restartedMain] INFO  TomcatWebServer - Tomcat started on port(s): 8080 (http) with context path ''
16:42:02 [restartedMain] INFO  BlogApplication - Started BlogApplication in 12.146 seconds (JVM running for 14.873)
16:42:03 [RMI TCP Connection(2)-10.203.16.19] INFO  [/] - Initializing Spring DispatcherServlet 'dispatcherServlet'
16:42:03 [RMI TCP Connection(2)-10.203.16.19] INFO  DispatcherServlet - Initializing Servlet 'dispatcherServlet'
16:42:03 [RMI TCP Connection(2)-10.203.16.19] INFO  DispatcherServlet - Completed initialization in 28 ms
16:42:04 [parallel-1] INFO  EpollProvider - Starting without optional epoll library
16:42:04 [parallel-1] INFO  KqueueProvider - Starting without optional kqueue library
18:32:27 [Thread-5] INFO  ThreadPoolTaskExecutor - Shutting down ExecutorService 'applicationTaskExecutor'
18:32:28 [Thread-5] INFO  DruidDataSource - {dataSource-1} closed
