00:00:57 [Thread-9] INFO  ThreadPoolTaskExecutor - Shutting down ExecutorService 'applicationTaskExecutor'
00:00:58 [Thread-9] INFO  DruidDataSource - {dataSource-1} closed
10:47:08 [restartedMain] INFO  BlogApplication - Starting BlogApplication on zhonghua with PID 108472 (C:\Users\dong0\Documents\java_practice\AAA\myblog\target\classes started by dongzhonghua in C:\Users\dong0\Documents\java_practice\AAA)
10:47:08 [restartedMain] INFO  BlogApplication - No active profile set, falling back to default profiles: default
10:47:08 [restartedMain] INFO  DevToolsPropertyDefaultsPostProcessor - Devtools property defaults active! Set 'spring.devtools.add-properties' to 'false' to disable
10:47:08 [restartedMain] INFO  DevToolsPropertyDefaultsPostProcessor - For additional web related logging consider setting the 'logging.level.web' property to 'DEBUG'
10:47:11 [restartedMain] INFO  RepositoryConfigurationDelegate - Multiple Spring Data modules found, entering strict repository configuration mode!
10:47:11 [restartedMain] INFO  RepositoryConfigurationDelegate - Bootstrapping Spring Data repositories in DEFAULT mode.
10:47:11 [restartedMain] INFO  RepositoryConfigurationDelegate - Finished Spring Data repository scanning in 120ms. Found 0 repository interfaces.
10:47:11 [restartedMain] INFO  PostProcessorRegistrationDelegate$BeanPostProcessorChecker - Bean 'org.springframework.security.config.annotation.configuration.ObjectPostProcessorConfiguration' of type [org.springframework.security.config.annotation.configuration.ObjectPostProcessorConfiguration$$EnhancerBySpringCGLIB$$61474c6a] is not eligible for getting processed by all BeanPostProcessors (for example: not eligible for auto-proxying)
10:47:11 [restartedMain] INFO  PostProcessorRegistrationDelegate$BeanPostProcessorChecker - Bean 'org.springframework.transaction.annotation.ProxyTransactionManagementConfiguration' of type [org.springframework.transaction.annotation.ProxyTransactionManagementConfiguration$$EnhancerBySpringCGLIB$$c8998430] is not eligible for getting processed by all BeanPostProcessors (for example: not eligible for auto-proxying)
10:47:11 [restartedMain] INFO  PostProcessorRegistrationDelegate$BeanPostProcessorChecker - Bean 'objectPostProcessor' of type [org.springframework.security.config.annotation.configuration.AutowireBeanFactoryObjectPostProcessor] is not eligible for getting processed by all BeanPostProcessors (for example: not eligible for auto-proxying)
10:47:11 [restartedMain] INFO  PostProcessorRegistrationDelegate$BeanPostProcessorChecker - Bean 'org.springframework.security.access.expression.method.DefaultMethodSecurityExpressionHandler@778e5127' of type [org.springframework.security.access.expression.method.DefaultMethodSecurityExpressionHandler] is not eligible for getting processed by all BeanPostProcessors (for example: not eligible for auto-proxying)
10:47:11 [restartedMain] INFO  PostProcessorRegistrationDelegate$BeanPostProcessorChecker - Bean 'org.springframework.security.config.annotation.method.configuration.GlobalMethodSecurityConfiguration' of type [org.springframework.security.config.annotation.method.configuration.GlobalMethodSecurityConfiguration$$EnhancerBySpringCGLIB$$861bef1c] is not eligible for getting processed by all BeanPostProcessors (for example: not eligible for auto-proxying)
10:47:11 [restartedMain] INFO  PostProcessorRegistrationDelegate$BeanPostProcessorChecker - Bean 'methodSecurityMetadataSource' of type [org.springframework.security.access.method.DelegatingMethodSecurityMetadataSource] is not eligible for getting processed by all BeanPostProcessors (for example: not eligible for auto-proxying)
10:47:12 [restartedMain] INFO  TomcatWebServer - Tomcat initialized with port(s): 8080 (http)
10:47:12 [restartedMain] INFO  Http11NioProtocol - Initializing ProtocolHandler ["http-nio-8080"]
10:47:12 [restartedMain] INFO  StandardService - Starting service [Tomcat]
10:47:12 [restartedMain] INFO  StandardEngine - Starting Servlet engine: [Apache Tomcat/9.0.24]
10:47:12 [restartedMain] INFO  [/] - Initializing Spring embedded WebApplicationContext
10:47:12 [restartedMain] INFO  ContextLoader - Root WebApplicationContext: initialization completed in 3831 ms
10:47:12 [restartedMain] INFO  DruidDataSourceAutoConfigure - Init DruidDataSource
10:47:13 [restartedMain] INFO  DruidDataSource - {dataSource-1} inited
10:47:15 [restartedMain] INFO  EndpointLinksResolver - Exposing 2 endpoint(s) beneath base path '/actuator'
10:47:15 [restartedMain] INFO  PropertySourcedRequestMappingHandlerMapping - Mapped URL path [/v2/api-docs] onto method [public org.springframework.http.ResponseEntity<springfox.documentation.spring.web.json.Json> springfox.documentation.swagger2.web.Swagger2Controller.getDocumentation(java.lang.String,javax.servlet.http.HttpServletRequest)]
10:47:15 [restartedMain] INFO  ThreadPoolTaskExecutor - Initializing ExecutorService 'applicationTaskExecutor'
10:47:15 [restartedMain] INFO  OptionalLiveReloadServer - LiveReload server is running on port 35729
10:47:15 [restartedMain] INFO  WelcomePageHandlerMapping - Adding welcome page template: index
10:47:15 [restartedMain] WARN  TemplateMode - [THYMELEAF][restartedMain] Template Mode 'HTML5' is deprecated. Using Template Mode 'HTML' instead.
10:47:16 [restartedMain] INFO  DefaultSecurityFilterChain - Creating filter chain: any request, [org.springframework.security.web.context.request.async.WebAsyncManagerIntegrationFilter@3a87ad59, org.springframework.security.web.context.SecurityContextPersistenceFilter@7f34b61e, org.springframework.security.web.header.HeaderWriterFilter@12ac706, org.springframework.security.web.authentication.logout.LogoutFilter@356d0538, org.springframework.security.web.authentication.UsernamePasswordAuthenticationFilter@3e97df31, org.springframework.security.web.savedrequest.RequestCacheAwareFilter@28715c09, org.springframework.security.web.servletapi.SecurityContextHolderAwareRequestFilter@1d20781d, org.springframework.security.web.authentication.AnonymousAuthenticationFilter@31f5eda8, org.springframework.security.web.session.SessionManagementFilter@5b0738b4, org.springframework.security.web.access.ExceptionTranslationFilter@2e8142c8, org.springframework.security.web.access.intercept.FilterSecurityInterceptor@26c7c7f0]
10:47:17 [restartedMain] INFO  DocumentationPluginsBootstrapper - Context refreshed
10:47:17 [restartedMain] INFO  DocumentationPluginsBootstrapper - Found 1 custom documentation plugin(s)
10:47:17 [restartedMain] INFO  ApiListingReferenceScanner - Scanning for api listing references
10:47:17 [restartedMain] INFO  Http11NioProtocol - Starting ProtocolHandler ["http-nio-8080"]
10:47:17 [restartedMain] INFO  TomcatWebServer - Tomcat started on port(s): 8080 (http) with context path ''
10:47:17 [restartedMain] INFO  BlogApplication - Started BlogApplication in 9.715 seconds (JVM running for 11.678)
10:47:18 [parallel-1] INFO  EpollProvider - Starting without optional epoll library
10:47:18 [parallel-1] INFO  KqueueProvider - Starting without optional kqueue library
10:47:18 [RMI TCP Connection(5)-10.203.16.19] INFO  [/] - Initializing Spring DispatcherServlet 'dispatcherServlet'
10:47:18 [RMI TCP Connection(5)-10.203.16.19] INFO  DispatcherServlet - Initializing Servlet 'dispatcherServlet'
10:47:18 [RMI TCP Connection(5)-10.203.16.19] INFO  DispatcherServlet - Completed initialization in 13 ms
10:55:33 [Thread-5] INFO  ThreadPoolTaskExecutor - Shutting down ExecutorService 'applicationTaskExecutor'
10:55:34 [Thread-5] INFO  DruidDataSource - {dataSource-1} closed
10:55:59 [restartedMain] INFO  BlogApplication - Starting BlogApplication on zhonghua with PID 116928 (C:\Users\dong0\Documents\java_practice\AAA\myblog\target\classes started by dongzhonghua in C:\Users\dong0\Documents\java_practice\AAA)
10:55:59 [restartedMain] INFO  BlogApplication - No active profile set, falling back to default profiles: default
10:55:59 [restartedMain] INFO  DevToolsPropertyDefaultsPostProcessor - Devtools property defaults active! Set 'spring.devtools.add-properties' to 'false' to disable
10:55:59 [restartedMain] INFO  DevToolsPropertyDefaultsPostProcessor - For additional web related logging consider setting the 'logging.level.web' property to 'DEBUG'
10:56:01 [restartedMain] INFO  RepositoryConfigurationDelegate - Multiple Spring Data modules found, entering strict repository configuration mode!
10:56:01 [restartedMain] INFO  RepositoryConfigurationDelegate - Bootstrapping Spring Data repositories in DEFAULT mode.
10:56:02 [restartedMain] INFO  RepositoryConfigurationDelegate - Finished Spring Data repository scanning in 106ms. Found 0 repository interfaces.
10:56:02 [restartedMain] INFO  PostProcessorRegistrationDelegate$BeanPostProcessorChecker - Bean 'org.springframework.security.config.annotation.configuration.ObjectPostProcessorConfiguration' of type [org.springframework.security.config.annotation.configuration.ObjectPostProcessorConfiguration$$EnhancerBySpringCGLIB$$326f39fb] is not eligible for getting processed by all BeanPostProcessors (for example: not eligible for auto-proxying)
10:56:02 [restartedMain] INFO  PostProcessorRegistrationDelegate$BeanPostProcessorChecker - Bean 'org.springframework.transaction.annotation.ProxyTransactionManagementConfiguration' of type [org.springframework.transaction.annotation.ProxyTransactionManagementConfiguration$$EnhancerBySpringCGLIB$$99c171c1] is not eligible for getting processed by all BeanPostProcessors (for example: not eligible for auto-proxying)
10:56:02 [restartedMain] INFO  PostProcessorRegistrationDelegate$BeanPostProcessorChecker - Bean 'objectPostProcessor' of type [org.springframework.security.config.annotation.configuration.AutowireBeanFactoryObjectPostProcessor] is not eligible for getting processed by all BeanPostProcessors (for example: not eligible for auto-proxying)
10:56:02 [restartedMain] INFO  PostProcessorRegistrationDelegate$BeanPostProcessorChecker - Bean 'org.springframework.security.access.expression.method.DefaultMethodSecurityExpressionHandler@444a174f' of type [org.springframework.security.access.expression.method.DefaultMethodSecurityExpressionHandler] is not eligible for getting processed by all BeanPostProcessors (for example: not eligible for auto-proxying)
10:56:02 [restartedMain] INFO  PostProcessorRegistrationDelegate$BeanPostProcessorChecker - Bean 'org.springframework.security.config.annotation.method.configuration.GlobalMethodSecurityConfiguration' of type [org.springframework.security.config.annotation.method.configuration.GlobalMethodSecurityConfiguration$$EnhancerBySpringCGLIB$$5743dcad] is not eligible for getting processed by all BeanPostProcessors (for example: not eligible for auto-proxying)
10:56:02 [restartedMain] INFO  PostProcessorRegistrationDelegate$BeanPostProcessorChecker - Bean 'methodSecurityMetadataSource' of type [org.springframework.security.access.method.DelegatingMethodSecurityMetadataSource] is not eligible for getting processed by all BeanPostProcessors (for example: not eligible for auto-proxying)
10:56:03 [restartedMain] INFO  TomcatWebServer - Tomcat initialized with port(s): 8080 (http)
10:56:03 [restartedMain] INFO  Http11NioProtocol - Initializing ProtocolHandler ["http-nio-8080"]
10:56:03 [restartedMain] INFO  StandardService - Starting service [Tomcat]
10:56:03 [restartedMain] INFO  StandardEngine - Starting Servlet engine: [Apache Tomcat/9.0.24]
10:56:03 [restartedMain] INFO  [/] - Initializing Spring embedded WebApplicationContext
10:56:03 [restartedMain] INFO  ContextLoader - Root WebApplicationContext: initialization completed in 3877 ms
10:56:03 [restartedMain] INFO  DruidDataSourceAutoConfigure - Init DruidDataSource
10:56:03 [restartedMain] INFO  DruidDataSource - {dataSource-1} inited
10:56:05 [restartedMain] INFO  EndpointLinksResolver - Exposing 2 endpoint(s) beneath base path '/actuator'
10:56:05 [restartedMain] INFO  PropertySourcedRequestMappingHandlerMapping - Mapped URL path [/v2/api-docs] onto method [public org.springframework.http.ResponseEntity<springfox.documentation.spring.web.json.Json> springfox.documentation.swagger2.web.Swagger2Controller.getDocumentation(java.lang.String,javax.servlet.http.HttpServletRequest)]
10:56:05 [restartedMain] INFO  ThreadPoolTaskExecutor - Initializing ExecutorService 'applicationTaskExecutor'
10:56:05 [restartedMain] INFO  OptionalLiveReloadServer - LiveReload server is running on port 35729
10:56:05 [restartedMain] INFO  WelcomePageHandlerMapping - Adding welcome page template: index
10:56:06 [restartedMain] WARN  TemplateMode - [THYMELEAF][restartedMain] Template Mode 'HTML5' is deprecated. Using Template Mode 'HTML' instead.
10:56:06 [restartedMain] INFO  DefaultSecurityFilterChain - Creating filter chain: any request, [org.springframework.security.web.context.request.async.WebAsyncManagerIntegrationFilter@1f53c922, org.springframework.security.web.context.SecurityContextPersistenceFilter@16be4c3a, org.springframework.security.web.header.HeaderWriterFilter@6f769ff3, org.springframework.security.web.authentication.logout.LogoutFilter@49f7fcaa, org.springframework.security.web.authentication.UsernamePasswordAuthenticationFilter@26f64358, org.springframework.security.web.savedrequest.RequestCacheAwareFilter@bb107d9, org.springframework.security.web.servletapi.SecurityContextHolderAwareRequestFilter@1009a610, org.springframework.security.web.authentication.AnonymousAuthenticationFilter@3d28580a, org.springframework.security.web.session.SessionManagementFilter@31464274, org.springframework.security.web.access.ExceptionTranslationFilter@5089b37f, org.springframework.security.web.access.intercept.FilterSecurityInterceptor@52f665e6]
10:56:07 [restartedMain] INFO  DocumentationPluginsBootstrapper - Context refreshed
10:56:07 [restartedMain] INFO  DocumentationPluginsBootstrapper - Found 1 custom documentation plugin(s)
10:56:07 [restartedMain] INFO  ApiListingReferenceScanner - Scanning for api listing references
10:56:07 [restartedMain] INFO  Http11NioProtocol - Starting ProtocolHandler ["http-nio-8080"]
10:56:07 [restartedMain] INFO  TomcatWebServer - Tomcat started on port(s): 8080 (http) with context path ''
10:56:07 [restartedMain] INFO  BlogApplication - Started BlogApplication in 9.151 seconds (JVM running for 11.146)
10:56:08 [RMI TCP Connection(1)-10.203.16.19] INFO  [/] - Initializing Spring DispatcherServlet 'dispatcherServlet'
10:56:08 [RMI TCP Connection(1)-10.203.16.19] INFO  DispatcherServlet - Initializing Servlet 'dispatcherServlet'
10:56:08 [RMI TCP Connection(1)-10.203.16.19] INFO  DispatcherServlet - Completed initialization in 18 ms
10:56:09 [parallel-1] INFO  EpollProvider - Starting without optional epoll library
10:56:09 [parallel-1] INFO  KqueueProvider - Starting without optional kqueue library
10:58:49 [Thread-5] INFO  ThreadPoolTaskExecutor - Shutting down ExecutorService 'applicationTaskExecutor'
10:58:50 [Thread-5] INFO  DruidDataSource - {dataSource-1} closed
11:02:33 [restartedMain] INFO  BlogApplication - Starting BlogApplication on zhonghua with PID 117352 (C:\Users\dong0\Documents\java_practice\AAA\myblog\target\classes started by dongzhonghua in C:\Users\dong0\Documents\java_practice\AAA)
11:02:33 [restartedMain] INFO  BlogApplication - No active profile set, falling back to default profiles: default
11:02:33 [restartedMain] INFO  DevToolsPropertyDefaultsPostProcessor - Devtools property defaults active! Set 'spring.devtools.add-properties' to 'false' to disable
11:02:33 [restartedMain] INFO  DevToolsPropertyDefaultsPostProcessor - For additional web related logging consider setting the 'logging.level.web' property to 'DEBUG'
11:02:36 [restartedMain] INFO  RepositoryConfigurationDelegate - Multiple Spring Data modules found, entering strict repository configuration mode!
11:02:36 [restartedMain] INFO  RepositoryConfigurationDelegate - Bootstrapping Spring Data repositories in DEFAULT mode.
11:02:36 [restartedMain] INFO  RepositoryConfigurationDelegate - Finished Spring Data repository scanning in 95ms. Found 0 repository interfaces.
11:02:37 [restartedMain] INFO  PostProcessorRegistrationDelegate$BeanPostProcessorChecker - Bean 'org.springframework.security.config.annotation.configuration.ObjectPostProcessorConfiguration' of type [org.springframework.security.config.annotation.configuration.ObjectPostProcessorConfiguration$$EnhancerBySpringCGLIB$$a8efbeaa] is not eligible for getting processed by all BeanPostProcessors (for example: not eligible for auto-proxying)
11:02:37 [restartedMain] INFO  PostProcessorRegistrationDelegate$BeanPostProcessorChecker - Bean 'org.springframework.transaction.annotation.ProxyTransactionManagementConfiguration' of type [org.springframework.transaction.annotation.ProxyTransactionManagementConfiguration$$EnhancerBySpringCGLIB$$1041f670] is not eligible for getting processed by all BeanPostProcessors (for example: not eligible for auto-proxying)
11:02:37 [restartedMain] INFO  PostProcessorRegistrationDelegate$BeanPostProcessorChecker - Bean 'objectPostProcessor' of type [org.springframework.security.config.annotation.configuration.AutowireBeanFactoryObjectPostProcessor] is not eligible for getting processed by all BeanPostProcessors (for example: not eligible for auto-proxying)
11:02:37 [restartedMain] INFO  PostProcessorRegistrationDelegate$BeanPostProcessorChecker - Bean 'org.springframework.security.access.expression.method.DefaultMethodSecurityExpressionHandler@55a20127' of type [org.springframework.security.access.expression.method.DefaultMethodSecurityExpressionHandler] is not eligible for getting processed by all BeanPostProcessors (for example: not eligible for auto-proxying)
11:02:37 [restartedMain] INFO  PostProcessorRegistrationDelegate$BeanPostProcessorChecker - Bean 'org.springframework.security.config.annotation.method.configuration.GlobalMethodSecurityConfiguration' of type [org.springframework.security.config.annotation.method.configuration.GlobalMethodSecurityConfiguration$$EnhancerBySpringCGLIB$$cdc4615c] is not eligible for getting processed by all BeanPostProcessors (for example: not eligible for auto-proxying)
11:02:37 [restartedMain] INFO  PostProcessorRegistrationDelegate$BeanPostProcessorChecker - Bean 'methodSecurityMetadataSource' of type [org.springframework.security.access.method.DelegatingMethodSecurityMetadataSource] is not eligible for getting processed by all BeanPostProcessors (for example: not eligible for auto-proxying)
11:02:37 [restartedMain] INFO  TomcatWebServer - Tomcat initialized with port(s): 8080 (http)
11:02:37 [restartedMain] INFO  Http11NioProtocol - Initializing ProtocolHandler ["http-nio-8080"]
11:02:37 [restartedMain] INFO  StandardService - Starting service [Tomcat]
11:02:37 [restartedMain] INFO  StandardEngine - Starting Servlet engine: [Apache Tomcat/9.0.24]
11:02:37 [restartedMain] INFO  [/] - Initializing Spring embedded WebApplicationContext
11:02:37 [restartedMain] INFO  ContextLoader - Root WebApplicationContext: initialization completed in 4494 ms
11:02:38 [restartedMain] INFO  DruidDataSourceAutoConfigure - Init DruidDataSource
11:02:38 [restartedMain] INFO  DruidDataSource - {dataSource-1} inited
11:02:39 [restartedMain] INFO  EndpointLinksResolver - Exposing 2 endpoint(s) beneath base path '/actuator'
11:02:40 [restartedMain] INFO  PropertySourcedRequestMappingHandlerMapping - Mapped URL path [/v2/api-docs] onto method [public org.springframework.http.ResponseEntity<springfox.documentation.spring.web.json.Json> springfox.documentation.swagger2.web.Swagger2Controller.getDocumentation(java.lang.String,javax.servlet.http.HttpServletRequest)]
11:02:40 [restartedMain] INFO  ThreadPoolTaskExecutor - Initializing ExecutorService 'applicationTaskExecutor'
11:02:40 [restartedMain] INFO  OptionalLiveReloadServer - LiveReload server is running on port 35729
11:02:40 [restartedMain] INFO  WelcomePageHandlerMapping - Adding welcome page template: index
11:02:40 [restartedMain] WARN  TemplateMode - [THYMELEAF][restartedMain] Template Mode 'HTML5' is deprecated. Using Template Mode 'HTML' instead.
11:02:40 [restartedMain] INFO  DefaultSecurityFilterChain - Creating filter chain: any request, [org.springframework.security.web.context.request.async.WebAsyncManagerIntegrationFilter@58cff59f, org.springframework.security.web.context.SecurityContextPersistenceFilter@7485d547, org.springframework.security.web.header.HeaderWriterFilter@7c31861f, org.springframework.security.web.authentication.logout.LogoutFilter@18b21e84, org.springframework.security.web.authentication.UsernamePasswordAuthenticationFilter@2bbdfda3, org.springframework.security.web.savedrequest.RequestCacheAwareFilter@4d7be4a, org.springframework.security.web.servletapi.SecurityContextHolderAwareRequestFilter@7949b85d, org.springframework.security.web.authentication.AnonymousAuthenticationFilter@5622a16d, org.springframework.security.web.session.SessionManagementFilter@388f03e7, org.springframework.security.web.access.ExceptionTranslationFilter@101c07ca, org.springframework.security.web.access.intercept.FilterSecurityInterceptor@1a84f309]
11:02:41 [restartedMain] INFO  DocumentationPluginsBootstrapper - Context refreshed
11:02:41 [restartedMain] INFO  DocumentationPluginsBootstrapper - Found 1 custom documentation plugin(s)
11:02:41 [restartedMain] INFO  ApiListingReferenceScanner - Scanning for api listing references
11:02:41 [restartedMain] INFO  Http11NioProtocol - Starting ProtocolHandler ["http-nio-8080"]
11:02:42 [restartedMain] INFO  TomcatWebServer - Tomcat started on port(s): 8080 (http) with context path ''
11:02:42 [restartedMain] INFO  BlogApplication - Started BlogApplication in 9.527 seconds (JVM running for 11.699)
11:02:43 [parallel-1] INFO  EpollProvider - Starting without optional epoll library
11:02:43 [parallel-1] INFO  KqueueProvider - Starting without optional kqueue library
11:02:43 [RMI TCP Connection(5)-10.203.16.19] INFO  [/] - Initializing Spring DispatcherServlet 'dispatcherServlet'
11:02:43 [RMI TCP Connection(5)-10.203.16.19] INFO  DispatcherServlet - Initializing Servlet 'dispatcherServlet'
11:02:43 [RMI TCP Connection(5)-10.203.16.19] INFO  DispatcherServlet - Completed initialization in 13 ms
11:03:21 [http-nio-8080-exec-2] WARN  ArticleServiceImpl - Page{count=true, pageNum=1, pageSize=5, startRow=0, endRow=5, total=2, pages=1, reasonable=true, pageSizeZero=false}[Article(id=2, articleid=1533196734, author=张海洋, originalauthor=张海洋, articletitle=SpringBoot之从零搭建博客网站, articletags=SpringBoot,个人博客,原创, articletype=原创, articlecategories=SpringBoot, publishdate=2018-08-02, updatedate=2018-08-02, articleurl=https://www.zhyocean.cn/article/1533196734, likes=2, lastarticleid=1532884460, nextarticleid=0), Article(id=1, articleid=1532884460, author=张海洋, originalauthor=张海洋, articletitle=关于此博客，我有话哔哔, articletags=随笔感悟,原创, articletype=原创, articlecategories=我的故事, publishdate=2018-07-30, updatedate=2018-07-30, articleurl=https://www.zhyocean.cn/article/1532884460, likes=3, lastarticleid=0, nextarticleid=1533196734)]
11:05:56 [Thread-5] INFO  ThreadPoolTaskExecutor - Shutting down ExecutorService 'applicationTaskExecutor'
11:05:57 [Thread-5] INFO  DruidDataSource - {dataSource-1} closed
22:23:45 [restartedMain] INFO  BlogApplication - Starting BlogApplication on zhonghua with PID 134792 (C:\Users\dong0\Documents\java_practice\AAA\myblog\target\classes started by dongzhonghua in C:\Users\dong0\Documents\java_practice\AAA)
22:23:45 [restartedMain] INFO  BlogApplication - No active profile set, falling back to default profiles: default
22:23:45 [restartedMain] INFO  DevToolsPropertyDefaultsPostProcessor - Devtools property defaults active! Set 'spring.devtools.add-properties' to 'false' to disable
22:23:45 [restartedMain] INFO  DevToolsPropertyDefaultsPostProcessor - For additional web related logging consider setting the 'logging.level.web' property to 'DEBUG'
22:23:48 [restartedMain] INFO  RepositoryConfigurationDelegate - Multiple Spring Data modules found, entering strict repository configuration mode!
22:23:48 [restartedMain] INFO  RepositoryConfigurationDelegate - Bootstrapping Spring Data repositories in DEFAULT mode.
22:23:49 [restartedMain] INFO  RepositoryConfigurationDelegate - Finished Spring Data repository scanning in 139ms. Found 0 repository interfaces.
22:23:49 [restartedMain] INFO  PostProcessorRegistrationDelegate$BeanPostProcessorChecker - Bean 'org.springframework.security.config.annotation.configuration.ObjectPostProcessorConfiguration' of type [org.springframework.security.config.annotation.configuration.ObjectPostProcessorConfiguration$$EnhancerBySpringCGLIB$$75358789] is not eligible for getting processed by all BeanPostProcessors (for example: not eligible for auto-proxying)
22:23:49 [restartedMain] INFO  PostProcessorRegistrationDelegate$BeanPostProcessorChecker - Bean 'org.springframework.transaction.annotation.ProxyTransactionManagementConfiguration' of type [org.springframework.transaction.annotation.ProxyTransactionManagementConfiguration$$EnhancerBySpringCGLIB$$dc87bf4f] is not eligible for getting processed by all BeanPostProcessors (for example: not eligible for auto-proxying)
22:23:49 [restartedMain] INFO  PostProcessorRegistrationDelegate$BeanPostProcessorChecker - Bean 'objectPostProcessor' of type [org.springframework.security.config.annotation.configuration.AutowireBeanFactoryObjectPostProcessor] is not eligible for getting processed by all BeanPostProcessors (for example: not eligible for auto-proxying)
22:23:49 [restartedMain] INFO  PostProcessorRegistrationDelegate$BeanPostProcessorChecker - Bean 'org.springframework.security.access.expression.method.DefaultMethodSecurityExpressionHandler@4f8cef00' of type [org.springframework.security.access.expression.method.DefaultMethodSecurityExpressionHandler] is not eligible for getting processed by all BeanPostProcessors (for example: not eligible for auto-proxying)
22:23:49 [restartedMain] INFO  PostProcessorRegistrationDelegate$BeanPostProcessorChecker - Bean 'org.springframework.security.config.annotation.method.configuration.GlobalMethodSecurityConfiguration' of type [org.springframework.security.config.annotation.method.configuration.GlobalMethodSecurityConfiguration$$EnhancerBySpringCGLIB$$9a0a2a3b] is not eligible for getting processed by all BeanPostProcessors (for example: not eligible for auto-proxying)
22:23:49 [restartedMain] INFO  PostProcessorRegistrationDelegate$BeanPostProcessorChecker - Bean 'methodSecurityMetadataSource' of type [org.springframework.security.access.method.DelegatingMethodSecurityMetadataSource] is not eligible for getting processed by all BeanPostProcessors (for example: not eligible for auto-proxying)
22:23:50 [restartedMain] INFO  TomcatWebServer - Tomcat initialized with port(s): 8080 (http)
22:23:50 [restartedMain] INFO  Http11NioProtocol - Initializing ProtocolHandler ["http-nio-8080"]
22:23:50 [restartedMain] INFO  StandardService - Starting service [Tomcat]
22:23:50 [restartedMain] INFO  StandardEngine - Starting Servlet engine: [Apache Tomcat/9.0.24]
22:23:50 [restartedMain] INFO  [/] - Initializing Spring embedded WebApplicationContext
22:23:50 [restartedMain] INFO  ContextLoader - Root WebApplicationContext: initialization completed in 4940 ms
22:23:50 [restartedMain] INFO  DruidDataSourceAutoConfigure - Init DruidDataSource
22:23:51 [restartedMain] INFO  DruidDataSource - {dataSource-1} inited
22:23:52 [restartedMain] INFO  EndpointLinksResolver - Exposing 2 endpoint(s) beneath base path '/actuator'
22:23:53 [restartedMain] INFO  PropertySourcedRequestMappingHandlerMapping - Mapped URL path [/v2/api-docs] onto method [public org.springframework.http.ResponseEntity<springfox.documentation.spring.web.json.Json> springfox.documentation.swagger2.web.Swagger2Controller.getDocumentation(java.lang.String,javax.servlet.http.HttpServletRequest)]
22:23:53 [restartedMain] INFO  ThreadPoolTaskExecutor - Initializing ExecutorService 'applicationTaskExecutor'
22:23:53 [restartedMain] INFO  OptionalLiveReloadServer - LiveReload server is running on port 35729
22:23:53 [restartedMain] INFO  WelcomePageHandlerMapping - Adding welcome page template: index
22:23:53 [restartedMain] WARN  TemplateMode - [THYMELEAF][restartedMain] Template Mode 'HTML5' is deprecated. Using Template Mode 'HTML' instead.
22:23:53 [restartedMain] INFO  DefaultSecurityFilterChain - Creating filter chain: any request, [org.springframework.security.web.context.request.async.WebAsyncManagerIntegrationFilter@5b839bdf, org.springframework.security.web.context.SecurityContextPersistenceFilter@17798d04, org.springframework.security.web.header.HeaderWriterFilter@569a8191, org.springframework.security.web.authentication.logout.LogoutFilter@3006430f, org.springframework.security.web.authentication.UsernamePasswordAuthenticationFilter@58a393df, org.springframework.security.web.savedrequest.RequestCacheAwareFilter@534039ff, org.springframework.security.web.servletapi.SecurityContextHolderAwareRequestFilter@329fc461, org.springframework.security.web.authentication.AnonymousAuthenticationFilter@419bf80e, org.springframework.security.web.session.SessionManagementFilter@1e0a1ab0, org.springframework.security.web.access.ExceptionTranslationFilter@792d4090, org.springframework.security.web.access.intercept.FilterSecurityInterceptor@750c3d1]
22:23:54 [restartedMain] INFO  DocumentationPluginsBootstrapper - Context refreshed
22:23:54 [restartedMain] INFO  DocumentationPluginsBootstrapper - Found 1 custom documentation plugin(s)
22:23:54 [restartedMain] INFO  ApiListingReferenceScanner - Scanning for api listing references
22:23:55 [restartedMain] INFO  Http11NioProtocol - Starting ProtocolHandler ["http-nio-8080"]
22:23:55 [restartedMain] INFO  TomcatWebServer - Tomcat started on port(s): 8080 (http) with context path ''
22:23:55 [restartedMain] INFO  BlogApplication - Started BlogApplication in 10.529 seconds (JVM running for 12.881)
22:23:56 [RMI TCP Connection(3)-10.203.16.19] INFO  [/] - Initializing Spring DispatcherServlet 'dispatcherServlet'
22:23:56 [RMI TCP Connection(3)-10.203.16.19] INFO  DispatcherServlet - Initializing Servlet 'dispatcherServlet'
22:23:56 [RMI TCP Connection(3)-10.203.16.19] INFO  DispatcherServlet - Completed initialization in 15 ms
22:24:01 [parallel-1] INFO  EpollProvider - Starting without optional epoll library
22:24:01 [parallel-1] INFO  KqueueProvider - Starting without optional kqueue library
23:03:08 [Thread-5] INFO  ThreadPoolTaskExecutor - Shutting down ExecutorService 'applicationTaskExecutor'
23:03:09 [Thread-5] INFO  DruidDataSource - {dataSource-1} closed
