2019-09-27 17:19:35.921 [restartedMain] INFO  xyz.dsvshx.blog.BlogApplication - Starting BlogApplication on zhonghua with PID 32416 (C:\Users\dong0\Documents\java_practice\AAA\myblog\target\classes started by dongzhonghua in C:\Users\dong0\Documents\java_practice\AAA)
2019-09-27 17:19:35.925 [restartedMain] INFO  xyz.dsvshx.blog.BlogApplication - No active profile set, falling back to default profiles: default
2019-09-27 17:19:35.973 [restartedMain] INFO  o.s.b.d.env.DevToolsPropertyDefaultsPostProcessor - Devtools property defaults active! Set 'spring.devtools.add-properties' to 'false' to disable
2019-09-27 17:19:35.973 [restartedMain] INFO  o.s.b.d.env.DevToolsPropertyDefaultsPostProcessor - For additional web related logging consider setting the 'logging.level.web' property to 'DEBUG'
2019-09-27 17:19:37.514 [restartedMain] INFO  o.s.d.r.config.RepositoryConfigurationDelegate - Multiple Spring Data modules found, entering strict repository configuration mode!
2019-09-27 17:19:37.517 [restartedMain] INFO  o.s.d.r.config.RepositoryConfigurationDelegate - Bootstrapping Spring Data repositories in DEFAULT mode.
2019-09-27 17:19:37.607 [restartedMain] INFO  o.s.d.r.config.RepositoryConfigurationDelegate - Finished Spring Data repository scanning in 78ms. Found 0 repository interfaces.
2019-09-27 17:19:38.074 [restartedMain] INFO  o.s.c.s.PostProcessorRegistrationDelegate$BeanPostProcessorChecker - Bean 'org.springframework.security.config.annotation.configuration.ObjectPostProcessorConfiguration' of type [org.springframework.security.config.annotation.configuration.ObjectPostProcessorConfiguration$$EnhancerBySpringCGLIB$$86125e8c] is not eligible for getting processed by all BeanPostProcessors (for example: not eligible for auto-proxying)
2019-09-27 17:19:38.095 [restartedMain] INFO  o.s.c.s.PostProcessorRegistrationDelegate$BeanPostProcessorChecker - Bean 'org.springframework.transaction.annotation.ProxyTransactionManagementConfiguration' of type [org.springframework.transaction.annotation.ProxyTransactionManagementConfiguration$$EnhancerBySpringCGLIB$$ed649652] is not eligible for getting processed by all BeanPostProcessors (for example: not eligible for auto-proxying)
2019-09-27 17:19:38.127 [restartedMain] INFO  o.s.c.s.PostProcessorRegistrationDelegate$BeanPostProcessorChecker - Bean 'objectPostProcessor' of type [org.springframework.security.config.annotation.configuration.AutowireBeanFactoryObjectPostProcessor] is not eligible for getting processed by all BeanPostProcessors (for example: not eligible for auto-proxying)
2019-09-27 17:19:38.130 [restartedMain] INFO  o.s.c.s.PostProcessorRegistrationDelegate$BeanPostProcessorChecker - Bean 'org.springframework.security.access.expression.method.DefaultMethodSecurityExpressionHandler@2757acf1' of type [org.springframework.security.access.expression.method.DefaultMethodSecurityExpressionHandler] is not eligible for getting processed by all BeanPostProcessors (for example: not eligible for auto-proxying)
2019-09-27 17:19:38.148 [restartedMain] INFO  o.s.c.s.PostProcessorRegistrationDelegate$BeanPostProcessorChecker - Bean 'org.springframework.security.config.annotation.method.configuration.GlobalMethodSecurityConfiguration' of type [org.springframework.security.config.annotation.method.configuration.GlobalMethodSecurityConfiguration$$EnhancerBySpringCGLIB$$aae7013e] is not eligible for getting processed by all BeanPostProcessors (for example: not eligible for auto-proxying)
2019-09-27 17:19:38.156 [restartedMain] INFO  o.s.c.s.PostProcessorRegistrationDelegate$BeanPostProcessorChecker - Bean 'methodSecurityMetadataSource' of type [org.springframework.security.access.method.DelegatingMethodSecurityMetadataSource] is not eligible for getting processed by all BeanPostProcessors (for example: not eligible for auto-proxying)
2019-09-27 17:19:38.692 [restartedMain] INFO  o.s.boot.web.embedded.tomcat.TomcatWebServer - Tomcat initialized with port(s): 8080 (http)
2019-09-27 17:19:38.712 [restartedMain] INFO  org.apache.coyote.http11.Http11NioProtocol - Initializing ProtocolHandler ["http-nio-8080"]
2019-09-27 17:19:38.724 [restartedMain] INFO  org.apache.catalina.core.StandardService - Starting service [Tomcat]
2019-09-27 17:19:38.725 [restartedMain] INFO  org.apache.catalina.core.StandardEngine - Starting Servlet engine: [Apache Tomcat/9.0.24]
2019-09-27 17:19:38.905 [restartedMain] INFO  o.a.c.core.ContainerBase.[Tomcat].[localhost].[/] - Initializing Spring embedded WebApplicationContext
2019-09-27 17:19:38.906 [restartedMain] INFO  org.springframework.web.context.ContextLoader - Root WebApplicationContext: initialization completed in 2933 ms
2019-09-27 17:19:39.175 [restartedMain] INFO  c.a.d.s.b.a.DruidDataSourceAutoConfigure - Init DruidDataSource
2019-09-27 17:19:39.390 [restartedMain] INFO  com.alibaba.druid.pool.DruidDataSource - {dataSource-1} inited
2019-09-27 17:19:40.676 [restartedMain] INFO  o.s.b.actuate.endpoint.web.EndpointLinksResolver - Exposing 2 endpoint(s) beneath base path '/actuator'
2019-09-27 17:19:40.911 [restartedMain] INFO  o.s.b.d.autoconfigure.OptionalLiveReloadServer - LiveReload server is running on port 35729
2019-09-27 17:19:40.971 [restartedMain] INFO  s.d.s.w.PropertySourcedRequestMappingHandlerMapping - Mapped URL path [/v2/api-docs] onto method [public org.springframework.http.ResponseEntity<springfox.documentation.spring.web.json.Json> springfox.documentation.swagger2.web.Swagger2Controller.getDocumentation(java.lang.String,javax.servlet.http.HttpServletRequest)]
2019-09-27 17:19:41.446 [restartedMain] INFO  o.s.security.web.DefaultSecurityFilterChain - Creating filter chain: any request, [org.springframework.security.web.context.request.async.WebAsyncManagerIntegrationFilter@1e39c430, org.springframework.security.web.context.SecurityContextPersistenceFilter@7f754e4e, org.springframework.security.web.header.HeaderWriterFilter@71c480f4, org.springframework.security.web.authentication.logout.LogoutFilter@10d194b8, org.springframework.security.web.authentication.UsernamePasswordAuthenticationFilter@40a491e4, org.springframework.security.web.savedrequest.RequestCacheAwareFilter@5a00adb8, org.springframework.security.web.servletapi.SecurityContextHolderAwareRequestFilter@5464123c, org.springframework.security.web.authentication.AnonymousAuthenticationFilter@12da2b23, org.springframework.security.web.session.SessionManagementFilter@5c68f9d, org.springframework.security.web.access.ExceptionTranslationFilter@4a378378, org.springframework.security.web.access.intercept.FilterSecurityInterceptor@2df1e18a]
2019-09-27 17:19:41.971 [restartedMain] INFO  s.d.s.web.plugins.DocumentationPluginsBootstrapper - Context refreshed
2019-09-27 17:19:41.997 [restartedMain] INFO  s.d.s.web.plugins.DocumentationPluginsBootstrapper - Found 1 custom documentation plugin(s)
2019-09-27 17:19:42.066 [restartedMain] INFO  s.d.spring.web.scanners.ApiListingReferenceScanner - Scanning for api listing references
2019-09-27 17:19:42.327 [restartedMain] INFO  org.apache.coyote.http11.Http11NioProtocol - Starting ProtocolHandler ["http-nio-8080"]
2019-09-27 17:19:42.365 [restartedMain] INFO  o.s.boot.web.embedded.tomcat.TomcatWebServer - Tomcat started on port(s): 8080 (http) with context path ''
2019-09-27 17:19:42.371 [restartedMain] INFO  xyz.dsvshx.blog.BlogApplication - Started BlogApplication in 7.099 seconds (JVM running for 8.589)
2019-09-27 17:19:43.804 [RMI TCP Connection(2)-10.28.162.90] INFO  o.a.c.core.ContainerBase.[Tomcat].[localhost].[/] - Initializing Spring DispatcherServlet 'dispatcherServlet'
2019-09-27 17:19:43.808 [RMI TCP Connection(2)-10.28.162.90] INFO  org.springframework.web.servlet.DispatcherServlet - Initializing Servlet 'dispatcherServlet'
2019-09-27 17:19:43.826 [RMI TCP Connection(2)-10.28.162.90] INFO  org.springframework.web.servlet.DispatcherServlet - Completed initialization in 18 ms
2019-09-27 17:19:44.578 [parallel-1] INFO  io.lettuce.core.EpollProvider - Starting without optional epoll library
2019-09-27 17:19:44.580 [parallel-1] INFO  io.lettuce.core.KqueueProvider - Starting without optional kqueue library
2019-09-27 17:21:24.458 [restartedMain] INFO  xyz.dsvshx.blog.BlogApplication - Starting BlogApplication on zhonghua with PID 30380 (C:\Users\dong0\Documents\java_practice\AAA\myblog\target\classes started by dongzhonghua in C:\Users\dong0\Documents\java_practice\AAA)
2019-09-27 17:21:24.465 [restartedMain] INFO  xyz.dsvshx.blog.BlogApplication - No active profile set, falling back to default profiles: default
2019-09-27 17:21:24.560 [restartedMain] INFO  o.s.b.d.env.DevToolsPropertyDefaultsPostProcessor - Devtools property defaults active! Set 'spring.devtools.add-properties' to 'false' to disable
2019-09-27 17:21:24.560 [restartedMain] INFO  o.s.b.d.env.DevToolsPropertyDefaultsPostProcessor - For additional web related logging consider setting the 'logging.level.web' property to 'DEBUG'
2019-09-27 17:21:26.983 [restartedMain] INFO  o.s.d.r.config.RepositoryConfigurationDelegate - Multiple Spring Data modules found, entering strict repository configuration mode!
2019-09-27 17:21:26.987 [restartedMain] INFO  o.s.d.r.config.RepositoryConfigurationDelegate - Bootstrapping Spring Data repositories in DEFAULT mode.
2019-09-27 17:21:27.098 [restartedMain] INFO  o.s.d.r.config.RepositoryConfigurationDelegate - Finished Spring Data repository scanning in 96ms. Found 0 repository interfaces.
2019-09-27 17:21:27.623 [restartedMain] INFO  o.s.c.s.PostProcessorRegistrationDelegate$BeanPostProcessorChecker - Bean 'org.springframework.security.config.annotation.configuration.ObjectPostProcessorConfiguration' of type [org.springframework.security.config.annotation.configuration.ObjectPostProcessorConfiguration$$EnhancerBySpringCGLIB$$40e9eb76] is not eligible for getting processed by all BeanPostProcessors (for example: not eligible for auto-proxying)
2019-09-27 17:21:27.638 [restartedMain] INFO  o.s.c.s.PostProcessorRegistrationDelegate$BeanPostProcessorChecker - Bean 'org.springframework.transaction.annotation.ProxyTransactionManagementConfiguration' of type [org.springframework.transaction.annotation.ProxyTransactionManagementConfiguration$$EnhancerBySpringCGLIB$$a83c233c] is not eligible for getting processed by all BeanPostProcessors (for example: not eligible for auto-proxying)
2019-09-27 17:21:27.659 [restartedMain] INFO  o.s.c.s.PostProcessorRegistrationDelegate$BeanPostProcessorChecker - Bean 'objectPostProcessor' of type [org.springframework.security.config.annotation.configuration.AutowireBeanFactoryObjectPostProcessor] is not eligible for getting processed by all BeanPostProcessors (for example: not eligible for auto-proxying)
2019-09-27 17:21:27.662 [restartedMain] INFO  o.s.c.s.PostProcessorRegistrationDelegate$BeanPostProcessorChecker - Bean 'org.springframework.security.access.expression.method.DefaultMethodSecurityExpressionHandler@3a8554d3' of type [org.springframework.security.access.expression.method.DefaultMethodSecurityExpressionHandler] is not eligible for getting processed by all BeanPostProcessors (for example: not eligible for auto-proxying)
2019-09-27 17:21:27.669 [restartedMain] INFO  o.s.c.s.PostProcessorRegistrationDelegate$BeanPostProcessorChecker - Bean 'org.springframework.security.config.annotation.method.configuration.GlobalMethodSecurityConfiguration' of type [org.springframework.security.config.annotation.method.configuration.GlobalMethodSecurityConfiguration$$EnhancerBySpringCGLIB$$65be8e28] is not eligible for getting processed by all BeanPostProcessors (for example: not eligible for auto-proxying)
2019-09-27 17:21:27.673 [restartedMain] INFO  o.s.c.s.PostProcessorRegistrationDelegate$BeanPostProcessorChecker - Bean 'methodSecurityMetadataSource' of type [org.springframework.security.access.method.DelegatingMethodSecurityMetadataSource] is not eligible for getting processed by all BeanPostProcessors (for example: not eligible for auto-proxying)
2019-09-27 17:21:28.175 [restartedMain] INFO  o.s.boot.web.embedded.tomcat.TomcatWebServer - Tomcat initialized with port(s): 8080 (http)
2019-09-27 17:21:28.194 [restartedMain] INFO  org.apache.coyote.http11.Http11NioProtocol - Initializing ProtocolHandler ["http-nio-8080"]
2019-09-27 17:21:28.208 [restartedMain] INFO  org.apache.catalina.core.StandardService - Starting service [Tomcat]
2019-09-27 17:21:28.209 [restartedMain] INFO  org.apache.catalina.core.StandardEngine - Starting Servlet engine: [Apache Tomcat/9.0.24]
2019-09-27 17:21:28.394 [restartedMain] INFO  o.a.c.core.ContainerBase.[Tomcat].[localhost].[/] - Initializing Spring embedded WebApplicationContext
2019-09-27 17:21:28.395 [restartedMain] INFO  org.springframework.web.context.ContextLoader - Root WebApplicationContext: initialization completed in 3834 ms
2019-09-27 17:21:28.685 [restartedMain] INFO  c.a.d.s.b.a.DruidDataSourceAutoConfigure - Init DruidDataSource
2019-09-27 17:21:28.901 [restartedMain] INFO  com.alibaba.druid.pool.DruidDataSource - {dataSource-1} inited
2019-09-27 17:21:30.365 [restartedMain] INFO  o.s.b.actuate.endpoint.web.EndpointLinksResolver - Exposing 2 endpoint(s) beneath base path '/actuator'
2019-09-27 17:21:30.642 [restartedMain] INFO  o.s.b.d.autoconfigure.OptionalLiveReloadServer - LiveReload server is running on port 35729
2019-09-27 17:21:30.726 [restartedMain] INFO  s.d.s.w.PropertySourcedRequestMappingHandlerMapping - Mapped URL path [/v2/api-docs] onto method [public org.springframework.http.ResponseEntity<springfox.documentation.spring.web.json.Json> springfox.documentation.swagger2.web.Swagger2Controller.getDocumentation(java.lang.String,javax.servlet.http.HttpServletRequest)]
2019-09-27 17:21:31.197 [restartedMain] INFO  o.s.security.web.DefaultSecurityFilterChain - Creating filter chain: any request, [org.springframework.security.web.context.request.async.WebAsyncManagerIntegrationFilter@4a590530, org.springframework.security.web.context.SecurityContextPersistenceFilter@43fcd5f5, org.springframework.security.web.header.HeaderWriterFilter@66ef46c5, org.springframework.security.web.authentication.logout.LogoutFilter@1fecfd04, org.springframework.security.web.authentication.UsernamePasswordAuthenticationFilter@4cdac85f, org.springframework.security.web.savedrequest.RequestCacheAwareFilter@76d3a1ca, org.springframework.security.web.servletapi.SecurityContextHolderAwareRequestFilter@68228a25, org.springframework.security.web.authentication.AnonymousAuthenticationFilter@66dca72b, org.springframework.security.web.session.SessionManagementFilter@3fd129c0, org.springframework.security.web.access.ExceptionTranslationFilter@7e92117, org.springframework.security.web.access.intercept.FilterSecurityInterceptor@11af52c2]
2019-09-27 17:21:31.673 [restartedMain] INFO  s.d.s.web.plugins.DocumentationPluginsBootstrapper - Context refreshed
2019-09-27 17:21:31.695 [restartedMain] INFO  s.d.s.web.plugins.DocumentationPluginsBootstrapper - Found 1 custom documentation plugin(s)
2019-09-27 17:21:31.736 [restartedMain] INFO  s.d.spring.web.scanners.ApiListingReferenceScanner - Scanning for api listing references
2019-09-27 17:21:31.978 [restartedMain] INFO  org.apache.coyote.http11.Http11NioProtocol - Starting ProtocolHandler ["http-nio-8080"]
2019-09-27 17:21:32.013 [restartedMain] INFO  o.s.boot.web.embedded.tomcat.TomcatWebServer - Tomcat started on port(s): 8080 (http) with context path ''
2019-09-27 17:21:32.019 [restartedMain] INFO  xyz.dsvshx.blog.BlogApplication - Started BlogApplication in 8.342 seconds (JVM running for 10.378)
2019-09-27 17:21:32.575 [RMI TCP Connection(2)-10.28.162.90] INFO  o.a.c.core.ContainerBase.[Tomcat].[localhost].[/] - Initializing Spring DispatcherServlet 'dispatcherServlet'
2019-09-27 17:21:32.582 [RMI TCP Connection(2)-10.28.162.90] INFO  org.springframework.web.servlet.DispatcherServlet - Initializing Servlet 'dispatcherServlet'
2019-09-27 17:21:32.597 [RMI TCP Connection(2)-10.28.162.90] INFO  org.springframework.web.servlet.DispatcherServlet - Completed initialization in 15 ms
2019-09-27 17:21:33.220 [parallel-1] INFO  io.lettuce.core.EpollProvider - Starting without optional epoll library
2019-09-27 17:21:33.221 [parallel-1] INFO  io.lettuce.core.KqueueProvider - Starting without optional kqueue library
2019-09-27 17:23:18.169 [http-nio-8080-exec-10] INFO  AliyunOSSUtil - 图片上传成功file/2019-09-27/b2789f28b4bc480fbf2dc38376e182c1-黄色玫瑰.jpg
2019-09-27 17:31:57.875 [restartedMain] INFO  xyz.dsvshx.blog.BlogApplication - Starting BlogApplication on zhonghua with PID 29984 (C:\Users\dong0\Documents\java_practice\AAA\myblog\target\classes started by dongzhonghua in C:\Users\dong0\Documents\java_practice\AAA)
2019-09-27 17:31:57.879 [restartedMain] INFO  xyz.dsvshx.blog.BlogApplication - No active profile set, falling back to default profiles: default
2019-09-27 17:31:57.949 [restartedMain] INFO  o.s.b.d.env.DevToolsPropertyDefaultsPostProcessor - Devtools property defaults active! Set 'spring.devtools.add-properties' to 'false' to disable
2019-09-27 17:31:57.949 [restartedMain] INFO  o.s.b.d.env.DevToolsPropertyDefaultsPostProcessor - For additional web related logging consider setting the 'logging.level.web' property to 'DEBUG'
2019-09-27 17:31:59.943 [restartedMain] INFO  o.s.d.r.config.RepositoryConfigurationDelegate - Multiple Spring Data modules found, entering strict repository configuration mode!
2019-09-27 17:31:59.945 [restartedMain] INFO  o.s.d.r.config.RepositoryConfigurationDelegate - Bootstrapping Spring Data repositories in DEFAULT mode.
2019-09-27 17:32:00.040 [restartedMain] INFO  o.s.d.r.config.RepositoryConfigurationDelegate - Finished Spring Data repository scanning in 84ms. Found 0 repository interfaces.
2019-09-27 17:32:00.467 [restartedMain] INFO  o.s.c.s.PostProcessorRegistrationDelegate$BeanPostProcessorChecker - Bean 'org.springframework.security.config.annotation.configuration.ObjectPostProcessorConfiguration' of type [org.springframework.security.config.annotation.configuration.ObjectPostProcessorConfiguration$$EnhancerBySpringCGLIB$$bbd4813e] is not eligible for getting processed by all BeanPostProcessors (for example: not eligible for auto-proxying)
2019-09-27 17:32:00.480 [restartedMain] INFO  o.s.c.s.PostProcessorRegistrationDelegate$BeanPostProcessorChecker - Bean 'org.springframework.transaction.annotation.ProxyTransactionManagementConfiguration' of type [org.springframework.transaction.annotation.ProxyTransactionManagementConfiguration$$EnhancerBySpringCGLIB$$2326b904] is not eligible for getting processed by all BeanPostProcessors (for example: not eligible for auto-proxying)
2019-09-27 17:32:00.499 [restartedMain] INFO  o.s.c.s.PostProcessorRegistrationDelegate$BeanPostProcessorChecker - Bean 'objectPostProcessor' of type [org.springframework.security.config.annotation.configuration.AutowireBeanFactoryObjectPostProcessor] is not eligible for getting processed by all BeanPostProcessors (for example: not eligible for auto-proxying)
2019-09-27 17:32:00.501 [restartedMain] INFO  o.s.c.s.PostProcessorRegistrationDelegate$BeanPostProcessorChecker - Bean 'org.springframework.security.access.expression.method.DefaultMethodSecurityExpressionHandler@4fbd47e5' of type [org.springframework.security.access.expression.method.DefaultMethodSecurityExpressionHandler] is not eligible for getting processed by all BeanPostProcessors (for example: not eligible for auto-proxying)
2019-09-27 17:32:00.504 [restartedMain] INFO  o.s.c.s.PostProcessorRegistrationDelegate$BeanPostProcessorChecker - Bean 'org.springframework.security.config.annotation.method.configuration.GlobalMethodSecurityConfiguration' of type [org.springframework.security.config.annotation.method.configuration.GlobalMethodSecurityConfiguration$$EnhancerBySpringCGLIB$$e0a923f0] is not eligible for getting processed by all BeanPostProcessors (for example: not eligible for auto-proxying)
2019-09-27 17:32:00.507 [restartedMain] INFO  o.s.c.s.PostProcessorRegistrationDelegate$BeanPostProcessorChecker - Bean 'methodSecurityMetadataSource' of type [org.springframework.security.access.method.DelegatingMethodSecurityMetadataSource] is not eligible for getting processed by all BeanPostProcessors (for example: not eligible for auto-proxying)
2019-09-27 17:32:00.873 [restartedMain] INFO  o.s.boot.web.embedded.tomcat.TomcatWebServer - Tomcat initialized with port(s): 8080 (http)
2019-09-27 17:32:00.887 [restartedMain] INFO  org.apache.coyote.http11.Http11NioProtocol - Initializing ProtocolHandler ["http-nio-8080"]
2019-09-27 17:32:00.906 [restartedMain] INFO  org.apache.catalina.core.StandardService - Starting service [Tomcat]
2019-09-27 17:32:00.907 [restartedMain] INFO  org.apache.catalina.core.StandardEngine - Starting Servlet engine: [Apache Tomcat/9.0.24]
2019-09-27 17:32:01.056 [restartedMain] INFO  o.a.c.core.ContainerBase.[Tomcat].[localhost].[/] - Initializing Spring embedded WebApplicationContext
2019-09-27 17:32:01.056 [restartedMain] INFO  org.springframework.web.context.ContextLoader - Root WebApplicationContext: initialization completed in 3106 ms
2019-09-27 17:32:01.277 [restartedMain] INFO  c.a.d.s.b.a.DruidDataSourceAutoConfigure - Init DruidDataSource
2019-09-27 17:32:01.451 [restartedMain] INFO  com.alibaba.druid.pool.DruidDataSource - {dataSource-1} inited
2019-09-27 17:32:02.668 [restartedMain] INFO  o.s.b.actuate.endpoint.web.EndpointLinksResolver - Exposing 2 endpoint(s) beneath base path '/actuator'
2019-09-27 17:32:02.885 [restartedMain] INFO  o.s.b.d.autoconfigure.OptionalLiveReloadServer - LiveReload server is running on port 35729
2019-09-27 17:32:02.942 [restartedMain] INFO  s.d.s.w.PropertySourcedRequestMappingHandlerMapping - Mapped URL path [/v2/api-docs] onto method [public org.springframework.http.ResponseEntity<springfox.documentation.spring.web.json.Json> springfox.documentation.swagger2.web.Swagger2Controller.getDocumentation(java.lang.String,javax.servlet.http.HttpServletRequest)]
2019-09-27 17:32:03.303 [restartedMain] INFO  o.s.security.web.DefaultSecurityFilterChain - Creating filter chain: any request, [org.springframework.security.web.context.request.async.WebAsyncManagerIntegrationFilter@7c85764f, org.springframework.security.web.context.SecurityContextPersistenceFilter@480299e5, org.springframework.security.web.header.HeaderWriterFilter@2e8f9f1f, org.springframework.security.web.authentication.logout.LogoutFilter@37b0fc3e, org.springframework.security.web.authentication.UsernamePasswordAuthenticationFilter@12969779, org.springframework.security.web.savedrequest.RequestCacheAwareFilter@680be3a8, org.springframework.security.web.servletapi.SecurityContextHolderAwareRequestFilter@7512f2ae, org.springframework.security.web.authentication.AnonymousAuthenticationFilter@6d3e7c3e, org.springframework.security.web.session.SessionManagementFilter@51c4f45, org.springframework.security.web.access.ExceptionTranslationFilter@2126d0f2, org.springframework.security.web.access.intercept.FilterSecurityInterceptor@67ed943a]
2019-09-27 17:32:03.649 [restartedMain] INFO  s.d.s.web.plugins.DocumentationPluginsBootstrapper - Context refreshed
2019-09-27 17:32:03.666 [restartedMain] INFO  s.d.s.web.plugins.DocumentationPluginsBootstrapper - Found 1 custom documentation plugin(s)
2019-09-27 17:32:03.695 [restartedMain] INFO  s.d.spring.web.scanners.ApiListingReferenceScanner - Scanning for api listing references
2019-09-27 17:32:03.860 [restartedMain] INFO  org.apache.coyote.http11.Http11NioProtocol - Starting ProtocolHandler ["http-nio-8080"]
2019-09-27 17:32:03.886 [restartedMain] INFO  o.s.boot.web.embedded.tomcat.TomcatWebServer - Tomcat started on port(s): 8080 (http) with context path ''
2019-09-27 17:32:03.890 [restartedMain] INFO  xyz.dsvshx.blog.BlogApplication - Started BlogApplication in 6.686 seconds (JVM running for 8.26)
2019-09-27 17:32:04.721 [parallel-1] INFO  io.lettuce.core.EpollProvider - Starting without optional epoll library
2019-09-27 17:32:04.725 [parallel-1] INFO  io.lettuce.core.KqueueProvider - Starting without optional kqueue library
2019-09-27 17:32:04.964 [RMI TCP Connection(3)-10.28.162.90] INFO  o.a.c.core.ContainerBase.[Tomcat].[localhost].[/] - Initializing Spring DispatcherServlet 'dispatcherServlet'
2019-09-27 17:32:04.964 [RMI TCP Connection(3)-10.28.162.90] INFO  org.springframework.web.servlet.DispatcherServlet - Initializing Servlet 'dispatcherServlet'
2019-09-27 17:32:04.976 [RMI TCP Connection(3)-10.28.162.90] INFO  org.springframework.web.servlet.DispatcherServlet - Completed initialization in 12 ms
2019-09-27 17:32:44.531 [http-nio-8080-exec-6] INFO  AliyunOSSUtil - 图片上传成功file/2019-09-27/ed1a063a60434f8cabc1fda5b4260254-黄色玫瑰.jpg
2019-09-27 17:33:07.856 [restartedMain] INFO  xyz.dsvshx.blog.BlogApplication - Starting BlogApplication on zhonghua with PID 25752 (C:\Users\dong0\Documents\java_practice\AAA\myblog\target\classes started by dongzhonghua in C:\Users\dong0\Documents\java_practice\AAA)
2019-09-27 17:33:07.860 [restartedMain] INFO  xyz.dsvshx.blog.BlogApplication - No active profile set, falling back to default profiles: default
2019-09-27 17:33:07.929 [restartedMain] INFO  o.s.b.d.env.DevToolsPropertyDefaultsPostProcessor - Devtools property defaults active! Set 'spring.devtools.add-properties' to 'false' to disable
2019-09-27 17:33:07.930 [restartedMain] INFO  o.s.b.d.env.DevToolsPropertyDefaultsPostProcessor - For additional web related logging consider setting the 'logging.level.web' property to 'DEBUG'
2019-09-27 17:33:09.859 [restartedMain] INFO  o.s.d.r.config.RepositoryConfigurationDelegate - Multiple Spring Data modules found, entering strict repository configuration mode!
2019-09-27 17:33:09.862 [restartedMain] INFO  o.s.d.r.config.RepositoryConfigurationDelegate - Bootstrapping Spring Data repositories in DEFAULT mode.
2019-09-27 17:33:09.966 [restartedMain] INFO  o.s.d.r.config.RepositoryConfigurationDelegate - Finished Spring Data repository scanning in 89ms. Found 0 repository interfaces.
2019-09-27 17:33:10.461 [restartedMain] INFO  o.s.c.s.PostProcessorRegistrationDelegate$BeanPostProcessorChecker - Bean 'org.springframework.security.config.annotation.configuration.ObjectPostProcessorConfiguration' of type [org.springframework.security.config.annotation.configuration.ObjectPostProcessorConfiguration$$EnhancerBySpringCGLIB$$4c4329a8] is not eligible for getting processed by all BeanPostProcessors (for example: not eligible for auto-proxying)
2019-09-27 17:33:10.478 [restartedMain] INFO  o.s.c.s.PostProcessorRegistrationDelegate$BeanPostProcessorChecker - Bean 'org.springframework.transaction.annotation.ProxyTransactionManagementConfiguration' of type [org.springframework.transaction.annotation.ProxyTransactionManagementConfiguration$$EnhancerBySpringCGLIB$$b395616e] is not eligible for getting processed by all BeanPostProcessors (for example: not eligible for auto-proxying)
2019-09-27 17:33:10.503 [restartedMain] INFO  o.s.c.s.PostProcessorRegistrationDelegate$BeanPostProcessorChecker - Bean 'objectPostProcessor' of type [org.springframework.security.config.annotation.configuration.AutowireBeanFactoryObjectPostProcessor] is not eligible for getting processed by all BeanPostProcessors (for example: not eligible for auto-proxying)
2019-09-27 17:33:10.505 [restartedMain] INFO  o.s.c.s.PostProcessorRegistrationDelegate$BeanPostProcessorChecker - Bean 'org.springframework.security.access.expression.method.DefaultMethodSecurityExpressionHandler@673a2730' of type [org.springframework.security.access.expression.method.DefaultMethodSecurityExpressionHandler] is not eligible for getting processed by all BeanPostProcessors (for example: not eligible for auto-proxying)
2019-09-27 17:33:10.506 [restartedMain] INFO  o.s.c.s.PostProcessorRegistrationDelegate$BeanPostProcessorChecker - Bean 'org.springframework.security.config.annotation.method.configuration.GlobalMethodSecurityConfiguration' of type [org.springframework.security.config.annotation.method.configuration.GlobalMethodSecurityConfiguration$$EnhancerBySpringCGLIB$$7117cc5a] is not eligible for getting processed by all BeanPostProcessors (for example: not eligible for auto-proxying)
2019-09-27 17:33:10.509 [restartedMain] INFO  o.s.c.s.PostProcessorRegistrationDelegate$BeanPostProcessorChecker - Bean 'methodSecurityMetadataSource' of type [org.springframework.security.access.method.DelegatingMethodSecurityMetadataSource] is not eligible for getting processed by all BeanPostProcessors (for example: not eligible for auto-proxying)
2019-09-27 17:33:10.961 [restartedMain] INFO  o.s.boot.web.embedded.tomcat.TomcatWebServer - Tomcat initialized with port(s): 8080 (http)
2019-09-27 17:33:10.983 [restartedMain] INFO  org.apache.coyote.http11.Http11NioProtocol - Initializing ProtocolHandler ["http-nio-8080"]
2019-09-27 17:33:10.995 [restartedMain] INFO  org.apache.catalina.core.StandardService - Starting service [Tomcat]
2019-09-27 17:33:10.996 [restartedMain] INFO  org.apache.catalina.core.StandardEngine - Starting Servlet engine: [Apache Tomcat/9.0.24]
2019-09-27 17:33:11.184 [restartedMain] INFO  o.a.c.core.ContainerBase.[Tomcat].[localhost].[/] - Initializing Spring embedded WebApplicationContext
2019-09-27 17:33:11.184 [restartedMain] INFO  org.springframework.web.context.ContextLoader - Root WebApplicationContext: initialization completed in 3254 ms
2019-09-27 17:33:11.458 [restartedMain] INFO  c.a.d.s.b.a.DruidDataSourceAutoConfigure - Init DruidDataSource
2019-09-27 17:33:11.654 [restartedMain] INFO  com.alibaba.druid.pool.DruidDataSource - {dataSource-1} inited
2019-09-27 17:33:13.008 [restartedMain] INFO  o.s.b.actuate.endpoint.web.EndpointLinksResolver - Exposing 2 endpoint(s) beneath base path '/actuator'
2019-09-27 17:33:13.251 [restartedMain] INFO  o.s.b.d.autoconfigure.OptionalLiveReloadServer - LiveReload server is running on port 35729
2019-09-27 17:33:13.320 [restartedMain] INFO  s.d.s.w.PropertySourcedRequestMappingHandlerMapping - Mapped URL path [/v2/api-docs] onto method [public org.springframework.http.ResponseEntity<springfox.documentation.spring.web.json.Json> springfox.documentation.swagger2.web.Swagger2Controller.getDocumentation(java.lang.String,javax.servlet.http.HttpServletRequest)]
2019-09-27 17:33:13.751 [restartedMain] INFO  o.s.security.web.DefaultSecurityFilterChain - Creating filter chain: any request, [org.springframework.security.web.context.request.async.WebAsyncManagerIntegrationFilter@3fd129c0, org.springframework.security.web.context.SecurityContextPersistenceFilter@61e4392f, org.springframework.security.web.header.HeaderWriterFilter@6b8de0d9, org.springframework.security.web.authentication.logout.LogoutFilter@1a1f7b67, org.springframework.security.web.authentication.UsernamePasswordAuthenticationFilter@6596eb75, org.springframework.security.web.savedrequest.RequestCacheAwareFilter@76c8abcd, org.springframework.security.web.servletapi.SecurityContextHolderAwareRequestFilter@10c7a55d, org.springframework.security.web.authentication.AnonymousAuthenticationFilter@5f3969b9, org.springframework.security.web.session.SessionManagementFilter@e12f01d, org.springframework.security.web.access.ExceptionTranslationFilter@76e36e35, org.springframework.security.web.access.intercept.FilterSecurityInterceptor@6373bf39]
2019-09-27 17:33:14.135 [restartedMain] INFO  s.d.s.web.plugins.DocumentationPluginsBootstrapper - Context refreshed
2019-09-27 17:33:14.154 [restartedMain] INFO  s.d.s.web.plugins.DocumentationPluginsBootstrapper - Found 1 custom documentation plugin(s)
2019-09-27 17:33:14.187 [restartedMain] INFO  s.d.spring.web.scanners.ApiListingReferenceScanner - Scanning for api listing references
2019-09-27 17:33:14.363 [restartedMain] INFO  org.apache.coyote.http11.Http11NioProtocol - Starting ProtocolHandler ["http-nio-8080"]
2019-09-27 17:33:14.392 [restartedMain] INFO  o.s.boot.web.embedded.tomcat.TomcatWebServer - Tomcat started on port(s): 8080 (http) with context path ''
2019-09-27 17:33:14.396 [restartedMain] INFO  xyz.dsvshx.blog.BlogApplication - Started BlogApplication in 7.265 seconds (JVM running for 8.929)
2019-09-27 17:33:15.045 [parallel-1] INFO  io.lettuce.core.EpollProvider - Starting without optional epoll library
2019-09-27 17:33:15.048 [parallel-1] INFO  io.lettuce.core.KqueueProvider - Starting without optional kqueue library
2019-09-27 17:33:15.815 [RMI TCP Connection(4)-10.28.162.90] INFO  o.a.c.core.ContainerBase.[Tomcat].[localhost].[/] - Initializing Spring DispatcherServlet 'dispatcherServlet'
2019-09-27 17:33:15.816 [RMI TCP Connection(4)-10.28.162.90] INFO  org.springframework.web.servlet.DispatcherServlet - Initializing Servlet 'dispatcherServlet'
2019-09-27 17:33:15.826 [RMI TCP Connection(4)-10.28.162.90] INFO  org.springframework.web.servlet.DispatcherServlet - Completed initialization in 10 ms
2019-09-27 17:33:21.974 [http-nio-8080-exec-2] INFO  AliyunOSSUtil - 图片上传成功file/2019-09-27/1ff7f21fb2cb46e6825b0a4ccd32f171-黄色玫瑰.jpg
2019-09-27 17:33:42.075 [restartedMain] INFO  xyz.dsvshx.blog.BlogApplication - Starting BlogApplication on zhonghua with PID 21632 (C:\Users\dong0\Documents\java_practice\AAA\myblog\target\classes started by dongzhonghua in C:\Users\dong0\Documents\java_practice\AAA)
2019-09-27 17:33:42.080 [restartedMain] INFO  xyz.dsvshx.blog.BlogApplication - No active profile set, falling back to default profiles: default
2019-09-27 17:33:42.146 [restartedMain] INFO  o.s.b.d.env.DevToolsPropertyDefaultsPostProcessor - Devtools property defaults active! Set 'spring.devtools.add-properties' to 'false' to disable
2019-09-27 17:33:42.146 [restartedMain] INFO  o.s.b.d.env.DevToolsPropertyDefaultsPostProcessor - For additional web related logging consider setting the 'logging.level.web' property to 'DEBUG'
2019-09-27 17:33:44.308 [restartedMain] INFO  o.s.d.r.config.RepositoryConfigurationDelegate - Multiple Spring Data modules found, entering strict repository configuration mode!
2019-09-27 17:33:44.311 [restartedMain] INFO  o.s.d.r.config.RepositoryConfigurationDelegate - Bootstrapping Spring Data repositories in DEFAULT mode.
2019-09-27 17:33:44.407 [restartedMain] INFO  o.s.d.r.config.RepositoryConfigurationDelegate - Finished Spring Data repository scanning in 82ms. Found 0 repository interfaces.
2019-09-27 17:33:44.937 [restartedMain] INFO  o.s.c.s.PostProcessorRegistrationDelegate$BeanPostProcessorChecker - Bean 'org.springframework.security.config.annotation.configuration.ObjectPostProcessorConfiguration' of type [org.springframework.security.config.annotation.configuration.ObjectPostProcessorConfiguration$$EnhancerBySpringCGLIB$$6fe8d10f] is not eligible for getting processed by all BeanPostProcessors (for example: not eligible for auto-proxying)
2019-09-27 17:33:44.949 [restartedMain] INFO  o.s.c.s.PostProcessorRegistrationDelegate$BeanPostProcessorChecker - Bean 'org.springframework.transaction.annotation.ProxyTransactionManagementConfiguration' of type [org.springframework.transaction.annotation.ProxyTransactionManagementConfiguration$$EnhancerBySpringCGLIB$$d73b08d5] is not eligible for getting processed by all BeanPostProcessors (for example: not eligible for auto-proxying)
2019-09-27 17:33:44.968 [restartedMain] INFO  o.s.c.s.PostProcessorRegistrationDelegate$BeanPostProcessorChecker - Bean 'objectPostProcessor' of type [org.springframework.security.config.annotation.configuration.AutowireBeanFactoryObjectPostProcessor] is not eligible for getting processed by all BeanPostProcessors (for example: not eligible for auto-proxying)
2019-09-27 17:33:44.970 [restartedMain] INFO  o.s.c.s.PostProcessorRegistrationDelegate$BeanPostProcessorChecker - Bean 'org.springframework.security.access.expression.method.DefaultMethodSecurityExpressionHandler@182352c9' of type [org.springframework.security.access.expression.method.DefaultMethodSecurityExpressionHandler] is not eligible for getting processed by all BeanPostProcessors (for example: not eligible for auto-proxying)
2019-09-27 17:33:44.975 [restartedMain] INFO  o.s.c.s.PostProcessorRegistrationDelegate$BeanPostProcessorChecker - Bean 'org.springframework.security.config.annotation.method.configuration.GlobalMethodSecurityConfiguration' of type [org.springframework.security.config.annotation.method.configuration.GlobalMethodSecurityConfiguration$$EnhancerBySpringCGLIB$$94bd73c1] is not eligible for getting processed by all BeanPostProcessors (for example: not eligible for auto-proxying)
2019-09-27 17:33:44.980 [restartedMain] INFO  o.s.c.s.PostProcessorRegistrationDelegate$BeanPostProcessorChecker - Bean 'methodSecurityMetadataSource' of type [org.springframework.security.access.method.DelegatingMethodSecurityMetadataSource] is not eligible for getting processed by all BeanPostProcessors (for example: not eligible for auto-proxying)
2019-09-27 17:33:45.368 [restartedMain] INFO  o.s.boot.web.embedded.tomcat.TomcatWebServer - Tomcat initialized with port(s): 8080 (http)
2019-09-27 17:33:45.385 [restartedMain] INFO  org.apache.coyote.http11.Http11NioProtocol - Initializing ProtocolHandler ["http-nio-8080"]
2019-09-27 17:33:45.396 [restartedMain] INFO  org.apache.catalina.core.StandardService - Starting service [Tomcat]
2019-09-27 17:33:45.397 [restartedMain] INFO  org.apache.catalina.core.StandardEngine - Starting Servlet engine: [Apache Tomcat/9.0.24]
2019-09-27 17:33:45.559 [restartedMain] INFO  o.a.c.core.ContainerBase.[Tomcat].[localhost].[/] - Initializing Spring embedded WebApplicationContext
2019-09-27 17:33:45.559 [restartedMain] INFO  org.springframework.web.context.ContextLoader - Root WebApplicationContext: initialization completed in 3412 ms
2019-09-27 17:33:45.800 [restartedMain] INFO  c.a.d.s.b.a.DruidDataSourceAutoConfigure - Init DruidDataSource
2019-09-27 17:33:45.983 [restartedMain] INFO  com.alibaba.druid.pool.DruidDataSource - {dataSource-1} inited
2019-09-27 17:33:47.229 [restartedMain] INFO  o.s.b.actuate.endpoint.web.EndpointLinksResolver - Exposing 2 endpoint(s) beneath base path '/actuator'
2019-09-27 17:33:47.462 [restartedMain] INFO  o.s.b.d.autoconfigure.OptionalLiveReloadServer - LiveReload server is running on port 35729
2019-09-27 17:33:47.523 [restartedMain] INFO  s.d.s.w.PropertySourcedRequestMappingHandlerMapping - Mapped URL path [/v2/api-docs] onto method [public org.springframework.http.ResponseEntity<springfox.documentation.spring.web.json.Json> springfox.documentation.swagger2.web.Swagger2Controller.getDocumentation(java.lang.String,javax.servlet.http.HttpServletRequest)]
2019-09-27 17:33:47.895 [restartedMain] INFO  o.s.security.web.DefaultSecurityFilterChain - Creating filter chain: any request, [org.springframework.security.web.context.request.async.WebAsyncManagerIntegrationFilter@58e6cff9, org.springframework.security.web.context.SecurityContextPersistenceFilter@13fa0a3b, org.springframework.security.web.header.HeaderWriterFilter@363603b5, org.springframework.security.web.authentication.logout.LogoutFilter@32a8aa3d, org.springframework.security.web.authentication.UsernamePasswordAuthenticationFilter@2959a2fb, org.springframework.security.web.savedrequest.RequestCacheAwareFilter@601750fd, org.springframework.security.web.servletapi.SecurityContextHolderAwareRequestFilter@e85f059, org.springframework.security.web.authentication.AnonymousAuthenticationFilter@64d32c28, org.springframework.security.web.session.SessionManagementFilter@884608e, org.springframework.security.web.access.ExceptionTranslationFilter@1e0b6d18, org.springframework.security.web.access.intercept.FilterSecurityInterceptor@6cad8aca]
2019-09-27 17:33:48.389 [restartedMain] INFO  s.d.s.web.plugins.DocumentationPluginsBootstrapper - Context refreshed
2019-09-27 17:33:48.407 [restartedMain] INFO  s.d.s.web.plugins.DocumentationPluginsBootstrapper - Found 1 custom documentation plugin(s)
2019-09-27 17:33:48.449 [restartedMain] INFO  s.d.spring.web.scanners.ApiListingReferenceScanner - Scanning for api listing references
2019-09-27 17:33:48.634 [restartedMain] INFO  org.apache.coyote.http11.Http11NioProtocol - Starting ProtocolHandler ["http-nio-8080"]
2019-09-27 17:33:48.670 [restartedMain] INFO  o.s.boot.web.embedded.tomcat.TomcatWebServer - Tomcat started on port(s): 8080 (http) with context path ''
2019-09-27 17:33:48.679 [restartedMain] INFO  xyz.dsvshx.blog.BlogApplication - Started BlogApplication in 7.207 seconds (JVM running for 8.735)
2019-09-27 17:33:48.885 [http-nio-8080-exec-1] INFO  o.a.c.core.ContainerBase.[Tomcat].[localhost].[/] - Initializing Spring DispatcherServlet 'dispatcherServlet'
2019-09-27 17:33:48.886 [http-nio-8080-exec-1] INFO  org.springframework.web.servlet.DispatcherServlet - Initializing Servlet 'dispatcherServlet'
2019-09-27 17:33:48.898 [http-nio-8080-exec-1] INFO  org.springframework.web.servlet.DispatcherServlet - Completed initialization in 11 ms
2019-09-27 17:33:50.586 [parallel-1] INFO  io.lettuce.core.EpollProvider - Starting without optional epoll library
2019-09-27 17:33:50.589 [parallel-1] INFO  io.lettuce.core.KqueueProvider - Starting without optional kqueue library
2019-09-27 17:33:54.862 [http-nio-8080-exec-2] INFO  AliyunOSSUtil - 图片上传成功file/2019-09-27/5e9d61f14fc945a4a48bb71418a14a7b-黄色玫瑰.jpg
